#
# There is insufficient memory for the Java Runtime Environment to continue.
# Native memory allocation (mmap) failed to map 112197632 bytes for committing reserved memory.
# Possible reasons:
#   The system is out of physical RAM or swap space
#   The process is running with CompressedOops enabled, and the Java Heap may be blocking the growth of the native heap
# Possible solutions:
#   Reduce memory load on the system
#   Increase physical memory or swap space
#   Check if swap backing store is full
#   Decrease Java heap size (-Xmx/-Xms)
#   Decrease number of Java threads
#   Decrease Java thread stack sizes (-Xss)
#   Set larger code cache with -XX:ReservedCodeCacheSize=
#   JVM is running with Unscaled Compressed Oops mode in which the Java heap is
#     placed in the first 4GB address space. The Java Heap base address is the
#     maximum limit for the native heap growth. Please use -XX:HeapBaseMinAddress
#     to set the Java Heap base and to place the Java Heap above 4GB virtual address.
# This output file may be truncated or incomplete.
#
#  Out of Memory Error (os_linux.cpp:2706), pid=9938, tid=9956
#
# JRE version: OpenJDK Runtime Environment (10.0.1+10) (build 10.0.1+10-Ubuntu-3ubuntu1)
# Java VM: OpenJDK 64-Bit Server VM (10.0.1+10-Ubuntu-3ubuntu1, mixed mode, tiered, compressed oops, g1 gc, linux-amd64)
# Core dump will be written. Default location: core.9938 (may not exist)
#

---------------  S U M M A R Y ------------

Command Line: spl.jar 

Host: Intel(R) Core(TM) i5-8500 CPU @ 3.00GHz, 6 cores, 3G, HamoniKR-ME
Time: Sun Apr 11 02:50:39 2021 KST elapsed time: 1434 seconds (0d 0h 23m 54s)

---------------  T H R E A D  ---------------

Current thread (0x00007fca2c12a800):  VMThread "VM Thread" [stack: 0x00007fca102a5000,0x00007fca103a5000] [id=9956]

Stack: [0x00007fca102a5000,0x00007fca103a5000],  sp=0x00007fca103a30a0,  free space=1016k
Native frames: (J=compiled Java code, A=aot compiled Java code, j=interpreted, Vv=VM code, C=native code)
V  [libjvm.so+0xd27dc4]
V  [libjvm.so+0xd2896b]
V  [libjvm.so+0x64d415]
V  [libjvm.so+0xb2d6e8]
V  [libjvm.so+0xb25f3d]
V  [libjvm.so+0x7662ff]
V  [libjvm.so+0x76653e]
V  [libjvm.so+0x769500]
V  [libjvm.so+0x7efa1c]
V  [libjvm.so+0x7f06df]
V  [libjvm.so+0x7f0b59]
V  [libjvm.so+0x7162cf]
V  [libjvm.so+0x71a3ba]
V  [libjvm.so+0xd39f28]
V  [libjvm.so+0xd38791]
V  [libjvm.so+0xd35a5b]
V  [libjvm.so+0xd3707e]
V  [libjvm.so+0xd374a8]
V  [libjvm.so+0xb33c60]

VM_Operation (0x00007fca34e5f1c0): G1IncCollectionPause, mode: safepoint, requested by thread 0x00007fca2c011800


---------------  P R O C E S S  ---------------

Threads class SMR info:
_java_thread_list=0x00007fc96801b9e0, length=15, elements={
0x00007fca2c011800, 0x00007fca2c134800, 0x00007fca2c136800, 0x00007fca2c13f800,
0x00007fca2c14a000, 0x00007fca2c14c000, 0x00007fca2c14e000, 0x00007fca2c14f800,
0x00007fca2c1c4000, 0x00007fca2c1d3000, 0x00007fca2c405800, 0x00007fca2c407000,
0x00007fca2c8e1800, 0x00007fca2c949800, 0x00007fca2c95a800
}

Java Threads: ( => current thread )
  0x00007fca2c011800 JavaThread "main" [_thread_blocked, id=9939, stack(0x00007fca34d61000,0x00007fca34e62000)]
  0x00007fca2c134800 JavaThread "Reference Handler" daemon [_thread_blocked, id=9957, stack(0x00007fca101a2000,0x00007fca102a3000)]
  0x00007fca2c136800 JavaThread "Finalizer" daemon [_thread_blocked, id=9958, stack(0x00007fca100a1000,0x00007fca101a2000)]
  0x00007fca2c13f800 JavaThread "Signal Dispatcher" daemon [_thread_blocked, id=9959, stack(0x00007fc9e9ade000,0x00007fc9e9bdf000)]
  0x00007fca2c14a000 JavaThread "C2 CompilerThread0" daemon [_thread_blocked, id=9960, stack(0x00007fc9e99dd000,0x00007fc9e9ade000)]
  0x00007fca2c14c000 JavaThread "C2 CompilerThread1" daemon [_thread_blocked, id=9961, stack(0x00007fc9e98dc000,0x00007fc9e99dd000)]
  0x00007fca2c14e000 JavaThread "C1 CompilerThread2" daemon [_thread_blocked, id=9962, stack(0x00007fc9e97db000,0x00007fc9e98dc000)]
  0x00007fca2c14f800 JavaThread "Sweeper thread" daemon [_thread_blocked, id=9963, stack(0x00007fc9e96da000,0x00007fc9e97db000)]
  0x00007fca2c1c4000 JavaThread "Service Thread" daemon [_thread_blocked, id=9964, stack(0x00007fc9e95d9000,0x00007fc9e96da000)]
  0x00007fca2c1d3000 JavaThread "Common-Cleaner" daemon [_thread_blocked, id=9966, stack(0x00007fc9e93d6000,0x00007fc9e94d7000)]
  0x00007fca2c405800 JavaThread "Java2D Disposer" daemon [_thread_blocked, id=9970, stack(0x00007fc9e801c000,0x00007fc9e811d000)]
  0x00007fca2c407000 JavaThread "AWT-XAWT" daemon [_thread_in_native, id=9971, stack(0x00007fc9a0046000,0x00007fc9a0147000)]
  0x00007fca2c8e1800 JavaThread "AWT-Shutdown" [_thread_blocked, id=9972, stack(0x00007fc984c66000,0x00007fc984d67000)]
  0x00007fca2c949800 JavaThread "AWT-EventQueue-0" [_thread_blocked, id=9973, stack(0x00007fc984b65000,0x00007fc984c66000)]
  0x00007fca2c95a800 JavaThread "TimerQueue" daemon [_thread_blocked, id=9974, stack(0x00007fc98415c000,0x00007fc98425d000)]

Other Threads:
=>0x00007fca2c12a800 VMThread "VM Thread" [stack: 0x00007fca102a5000,0x00007fca103a5000] [id=9956]
  0x00007fca2c1c6000 WatcherThread [stack: 0x00007fc9e94d9000,0x00007fc9e95d9000] [id=9965]
  0x00007fca2c028000 GCTaskThread "GC Thread#0" [stack: 0x00007fca30e8d000,0x00007fca30f8d000] [id=9940]
  0x00007fca2c029800 GCTaskThread "GC Thread#1" [stack: 0x00007fca30d8b000,0x00007fca30e8b000] [id=9941]
  0x00007fca2c02b000 GCTaskThread "GC Thread#2" [stack: 0x00007fca30c89000,0x00007fca30d89000] [id=9942]
  0x00007fca2c02d000 GCTaskThread "GC Thread#3" [stack: 0x00007fca30b87000,0x00007fca30c87000] [id=9943]
  0x00007fca2c02e800 GCTaskThread "GC Thread#4" [stack: 0x00007fca30a85000,0x00007fca30b85000] [id=9944]
  0x00007fca2c030800 GCTaskThread "GC Thread#5" [stack: 0x00007fca30983000,0x00007fca30a83000] [id=9945]
  0x00007fca2c065000 ConcurrentGCThread "G1 Main Marker" [stack: 0x00007fca300ae000,0x00007fca301ae000] [id=9946]
  0x00007fca2c067000 ConcurrentGCThread "G1 Conc#0" [stack: 0x00007fca119bd000,0x00007fca11abd000] [id=9947]
  0x00007fca2c068800 ConcurrentGCThread "G1 Conc#1" [stack: 0x00007fca118bb000,0x00007fca119bb000] [id=9948]
  0x00007fca2c099000 ConcurrentGCThread "G1 Refine#0" [stack: 0x00007fca111b3000,0x00007fca112b3000] [id=9949]
  0x00007fca2c09a800 ConcurrentGCThread "G1 Refine#1" [stack: 0x00007fca110b1000,0x00007fca111b1000] [id=9950]
  0x00007fca2c09c800 ConcurrentGCThread "G1 Refine#2" [stack: 0x00007fca10faf000,0x00007fca110af000] [id=9951]
  0x00007fca2c09e000 ConcurrentGCThread "G1 Refine#3" [stack: 0x00007fca10ead000,0x00007fca10fad000] [id=9952]
  0x00007fca2c0a0000 ConcurrentGCThread "G1 Refine#4" [stack: 0x00007fca10dab000,0x00007fca10eab000] [id=9953]
  0x00007fca2c0a1800 ConcurrentGCThread "G1 Refine#5" [stack: 0x00007fca10ca9000,0x00007fca10da9000] [id=9954]
  0x00007fca2c0a3800 ConcurrentGCThread "G1 Young RemSet Sampling" [stack: 0x00007fca10ba7000,0x00007fca10ca7000] [id=9955]

Threads with active compile tasks:

VM state:at safepoint (normal execution)

VM Mutex/Monitor currently owned by a thread:  ([mutex/lock_event])
[0x00007fca2c00da10] Threads_lock - owner thread: 0x00007fca2c12a800
[0x00007fca2c00dfb0] Heap_lock - owner thread: 0x00007fca2c011800

Heap address: 0x00000000c6600000, size: 922 MB, Compressed Oops mode: 32-bit
Narrow klass base: 0x0000000000000000, Narrow klass shift: 3
Compressed class space size: 1073741824 Address: 0x0000000100000000

Heap:
 garbage-first heap   total 195584K, used 7370K [0x00000000c6600000, 0x0000000100000000)
  region size 1024K, 1 young (1024K), 1 survivors (1024K)
 Metaspace       used 24380K, capacity 24829K, committed 25088K, reserved 1071104K
  class space    used 2526K, capacity 2761K, committed 2816K, reserved 1048576K
Heap Regions: E=young(eden), S=young(survivor), O=old, HS=humongous(starts), HC=humongous(continues), CS=collection set, F=free, A=archive, TS=gc time stamp, AC=allocation context, TAMS=top-at-mark-start (previous, next)
|   0|0x00000000c6600000, 0x00000000c6700000, 0x00000000c6700000|100%| O|  |TS  0|AC  0|TAMS 0x00000000c6700000, 0x00000000c6700000|
|   1|0x00000000c6700000, 0x00000000c6800000, 0x00000000c6800000|100%| O|  |TS 16|AC  0|TAMS 0x00000000c6700000, 0x00000000c6700000|
|   2|0x00000000c6800000, 0x00000000c682f800, 0x00000000c6900000| 18%| O|  |TS9343|AC  0|TAMS 0x00000000c6800000, 0x00000000c6800000|
|   3|0x00000000c6900000, 0x00000000c6a00000, 0x00000000c6a00000|100%| O|  |TS  0|AC  0|TAMS 0x00000000c6a00000, 0x00000000c6a00000|
|   4|0x00000000c6a00000, 0x00000000c6b00000, 0x00000000c6b00000|100%| O|  |TS  0|AC  0|TAMS 0x00000000c6b00000, 0x00000000c6b00000|
|   5|0x00000000c6b00000, 0x00000000c6c00000, 0x00000000c6c00000|100%| O|  |TS  2|AC  0|TAMS 0x00000000c6b8a000, 0x00000000c6b8a000|
|   6|0x00000000c6c00000, 0x00000000c6c00000, 0x00000000c6d00000|  0%| F|  |TS  2|AC  0|TAMS 0x00000000c6c00000, 0x00000000c6c00000|
|   7|0x00000000c6d00000, 0x00000000c6d00000, 0x00000000c6e00000|  0%| F|  |TS  2|AC  0|TAMS 0x00000000c6d00000, 0x00000000c6d00000|
|   8|0x00000000c6e00000, 0x00000000c6e00000, 0x00000000c6f00000|  0%| F|  |TS  2|AC  0|TAMS 0x00000000c6e00000, 0x00000000c6e00000|
|   9|0x00000000c6f00000, 0x00000000c6f00000, 0x00000000c7000000|  0%| F|  |TS  2|AC  0|TAMS 0x00000000c6f00000, 0x00000000c6f00000|
|  10|0x00000000c7000000, 0x00000000c7000000, 0x00000000c7100000|  0%| F|  |TS  2|AC  0|TAMS 0x00000000c7000000, 0x00000000c7000000|
|  11|0x00000000c7100000, 0x00000000c7100000, 0x00000000c7200000|  0%| F|  |TS  2|AC  0|TAMS 0x00000000c7100000, 0x00000000c7100000|
|  12|0x00000000c7200000, 0x00000000c7200000, 0x00000000c7300000|  0%| F|  |TS  2|AC  0|TAMS 0x00000000c7200000, 0x00000000c7200000|
|  13|0x00000000c7300000, 0x00000000c7300000, 0x00000000c7400000|  0%| F|  |TS  2|AC  0|TAMS 0x00000000c7300000, 0x00000000c7300000|
|  14|0x00000000c7400000, 0x00000000c7400000, 0x00000000c7500000|  0%| F|  |TS  2|AC  0|TAMS 0x00000000c7400000, 0x00000000c7400000|
|  15|0x00000000c7500000, 0x00000000c7500000, 0x00000000c7600000|  0%| F|  |TS  2|AC  0|TAMS 0x00000000c7500000, 0x00000000c7500000|
|  16|0x00000000c7600000, 0x00000000c7600000, 0x00000000c7700000|  0%| F|  |TS  2|AC  0|TAMS 0x00000000c7600000, 0x00000000c7600000|
|  17|0x00000000c7700000, 0x00000000c7700000, 0x00000000c7800000|  0%| F|  |TS  2|AC  0|TAMS 0x00000000c7700000, 0x00000000c7700000|
|  18|0x00000000c7800000, 0x00000000c7900000, 0x00000000c7900000|100%|HS|  |TS  0|AC  0|TAMS 0x00000000c7800000, 0x00000000c7800000|
|  19|0x00000000c7900000, 0x00000000c7a00000, 0x00000000c7a00000|100%| O|  |TS 16|AC  0|TAMS 0x00000000c7900000, 0x00000000c7900000|
|  20|0x00000000c7a00000, 0x00000000c7a00000, 0x00000000c7b00000|  0%| F|  |TS  0|AC  0|TAMS 0x00000000c7a00000, 0x00000000c7a00000|
|  21|0x00000000c7b00000, 0x00000000c7b00000, 0x00000000c7c00000|  0%| F|  |TS  0|AC  0|TAMS 0x00000000c7b00000, 0x00000000c7b00000|
|  22|0x00000000c7c00000, 0x00000000c7c00000, 0x00000000c7d00000|  0%| F|  |TS 16|AC  0|TAMS 0x00000000c7c00000, 0x00000000c7c00000|
|  23|0x00000000c7d00000, 0x00000000c7d00000, 0x00000000c7e00000|  0%| F|  |TS 16|AC  0|TAMS 0x00000000c7d00000, 0x00000000c7d00000|
|  24|0x00000000c7e00000, 0x00000000c7e00000, 0x00000000c7f00000|  0%| F|  |TS 15|AC  0|TAMS 0x00000000c7e00000, 0x00000000c7e00000|
|  25|0x00000000c7f00000, 0x00000000c7f00000, 0x00000000c8000000|  0%| F|  |TS 15|AC  0|TAMS 0x00000000c7f00000, 0x00000000c7f00000|
|  26|0x00000000c8000000, 0x00000000c8000000, 0x00000000c8100000|  0%| F|  |TS 15|AC  0|TAMS 0x00000000c8000000, 0x00000000c8000000|
|  27|0x00000000c8100000, 0x00000000c8100000, 0x00000000c8200000|  0%| F|  |TS356|AC  0|TAMS 0x00000000c8100000, 0x00000000c8100000|
|  28|0x00000000c8200000, 0x00000000c8200000, 0x00000000c8300000|  0%| F|  |TS355|AC  0|TAMS 0x00000000c8200000, 0x00000000c8200000|
|  29|0x00000000c8300000, 0x00000000c8300000, 0x00000000c8400000|  0%| F|  |TS355|AC  0|TAMS 0x00000000c8300000, 0x00000000c8300000|
|  30|0x00000000c8400000, 0x00000000c8400000, 0x00000000c8500000|  0%| F|  |TS355|AC  0|TAMS 0x00000000c8400000, 0x00000000c8400000|
|  31|0x00000000c8500000, 0x00000000c8500000, 0x00000000c8600000|  0%| F|  |TS355|AC  0|TAMS 0x00000000c8500000, 0x00000000c8500000|
|  32|0x00000000c8600000, 0x00000000c8600000, 0x00000000c8700000|  0%| F|  |TS355|AC  0|TAMS 0x00000000c8600000, 0x00000000c8600000|
|  33|0x00000000c8700000, 0x00000000c8703060, 0x00000000c8800000|  1%| S|CS|TS9343|AC  0|TAMS 0x00000000c8700000, 0x00000000c8700000|
|  34|0x00000000c8800000, 0x00000000c8800000, 0x00000000c8900000|  0%| F|  |TS9343|AC  0|TAMS 0x00000000c8800000, 0x00000000c8800000|
|  35|0x00000000c8900000, 0x00000000c8900000, 0x00000000c8a00000|  0%| F|  |TS9343|AC  0|TAMS 0x00000000c8900000, 0x00000000c8900000|
|  36|0x00000000c8a00000, 0x00000000c8a00000, 0x00000000c8b00000|  0%| F|  |TS9343|AC  0|TAMS 0x00000000c8a00000, 0x00000000c8a00000|
|  37|0x00000000c8b00000, 0x00000000c8b00000, 0x00000000c8c00000|  0%| F|  |TS9343|AC  0|TAMS 0x00000000c8b00000, 0x00000000c8b00000|
|  38|0x00000000c8c00000, 0x00000000c8c00000, 0x00000000c8d00000|  0%| F|  |TS9343|AC  0|TAMS 0x00000000c8c00000, 0x00000000c8c00000|
|  39|0x00000000c8d00000, 0x00000000c8d00000, 0x00000000c8e00000|  0%| F|  |TS9343|AC  0|TAMS 0x00000000c8d00000, 0x00000000c8d00000|
|  40|0x00000000c8e00000, 0x00000000c8e00000, 0x00000000c8f00000|  0%| F|  |TS9343|AC  0|TAMS 0x00000000c8e00000, 0x00000000c8e00000|
|  41|0x00000000c8f00000, 0x00000000c8f00000, 0x00000000c9000000|  0%| F|  |TS9343|AC  0|TAMS 0x00000000c8f00000, 0x00000000c8f00000|
|  42|0x00000000c9000000, 0x00000000c9000000, 0x00000000c9100000|  0%| F|  |TS9343|AC  0|TAMS 0x00000000c9000000, 0x00000000c9000000|
|  43|0x00000000c9100000, 0x00000000c9100000, 0x00000000c9200000|  0%| F|  |TS9343|AC  0|TAMS 0x00000000c9100000, 0x00000000c9100000|
|  44|0x00000000c9200000, 0x00000000c9200000, 0x00000000c9300000|  0%| F|  |TS9343|AC  0|TAMS 0x00000000c9200000, 0x00000000c9200000|
|  45|0x00000000c9300000, 0x00000000c9300000, 0x00000000c9400000|  0%| F|  |TS9343|AC  0|TAMS 0x00000000c9300000, 0x00000000c9300000|
|  46|0x00000000c9400000, 0x00000000c9400000, 0x00000000c9500000|  0%| F|  |TS9343|AC  0|TAMS 0x00000000c9400000, 0x00000000c9400000|
|  47|0x00000000c9500000, 0x00000000c9500000, 0x00000000c9600000|  0%| F|  |TS9343|AC  0|TAMS 0x00000000c9500000, 0x00000000c9500000|
|  48|0x00000000c9600000, 0x00000000c9600000, 0x00000000c9700000|  0%| F|  |TS9343|AC  0|TAMS 0x00000000c9600000, 0x00000000c9600000|
|  49|0x00000000c9700000, 0x00000000c9700000, 0x00000000c9800000|  0%| F|  |TS9343|AC  0|TAMS 0x00000000c9700000, 0x00000000c9700000|
|  50|0x00000000c9800000, 0x00000000c9800000, 0x00000000c9900000|  0%| F|  |TS9343|AC  0|TAMS 0x00000000c9800000, 0x00000000c9800000|
|  51|0x00000000c9900000, 0x00000000c9900000, 0x00000000c9a00000|  0%| F|  |TS9343|AC  0|TAMS 0x00000000c9900000, 0x00000000c9900000|
|  52|0x00000000c9a00000, 0x00000000c9a00000, 0x00000000c9b00000|  0%| F|  |TS9343|AC  0|TAMS 0x00000000c9a00000, 0x00000000c9a00000|
|  53|0x00000000c9b00000, 0x00000000c9b00000, 0x00000000c9c00000|  0%| F|  |TS9343|AC  0|TAMS 0x00000000c9b00000, 0x00000000c9b00000|
|  54|0x00000000c9c00000, 0x00000000c9c00000, 0x00000000c9d00000|  0%| F|  |TS9343|AC  0|TAMS 0x00000000c9c00000, 0x00000000c9c00000|
|  55|0x00000000c9d00000, 0x00000000c9d00000, 0x00000000c9e00000|  0%| F|  |TS9343|AC  0|TAMS 0x00000000c9d00000, 0x00000000c9d00000|
|  56|0x00000000c9e00000, 0x00000000c9e00000, 0x00000000c9f00000|  0%| F|  |TS9343|AC  0|TAMS 0x00000000c9e00000, 0x00000000c9e00000|
|  57|0x00000000c9f00000, 0x00000000c9f00000, 0x00000000ca000000|  0%| F|  |TS9343|AC  0|TAMS 0x00000000c9f00000, 0x00000000c9f00000|
|  58|0x00000000ca000000, 0x00000000ca000000, 0x00000000ca100000|  0%| F|  |TS9343|AC  0|TAMS 0x00000000ca000000, 0x00000000ca000000|
|  59|0x00000000ca100000, 0x00000000ca100000, 0x00000000ca200000|  0%| F|  |TS9343|AC  0|TAMS 0x00000000ca100000, 0x00000000ca100000|
|  60|0x00000000ca200000, 0x00000000ca200000, 0x00000000ca300000|  0%| F|  |TS9343|AC  0|TAMS 0x00000000ca200000, 0x00000000ca200000|
|  61|0x00000000ca300000, 0x00000000ca300000, 0x00000000ca400000|  0%| F|  |TS9343|AC  0|TAMS 0x00000000ca300000, 0x00000000ca300000|
|  62|0x00000000ca400000, 0x00000000ca400000, 0x00000000ca500000|  0%| F|  |TS9343|AC  0|TAMS 0x00000000ca400000, 0x00000000ca400000|
|  63|0x00000000ca500000, 0x00000000ca500000, 0x00000000ca600000|  0%| F|  |TS9343|AC  0|TAMS 0x00000000ca500000, 0x00000000ca500000|
|  64|0x00000000ca600000, 0x00000000ca600000, 0x00000000ca700000|  0%| F|  |TS9343|AC  0|TAMS 0x00000000ca600000, 0x00000000ca600000|
|  65|0x00000000ca700000, 0x00000000ca700000, 0x00000000ca800000|  0%| F|  |TS9343|AC  0|TAMS 0x00000000ca700000, 0x00000000ca700000|
|  66|0x00000000ca800000, 0x00000000ca800000, 0x00000000ca900000|  0%| F|  |TS9343|AC  0|TAMS 0x00000000ca800000, 0x00000000ca800000|
|  67|0x00000000ca900000, 0x00000000ca900000, 0x00000000caa00000|  0%| F|  |TS9343|AC  0|TAMS 0x00000000ca900000, 0x00000000ca900000|
|  68|0x00000000caa00000, 0x00000000caa00000, 0x00000000cab00000|  0%| F|  |TS9343|AC  0|TAMS 0x00000000caa00000, 0x00000000caa00000|
|  69|0x00000000cab00000, 0x00000000cab00000, 0x00000000cac00000|  0%| F|  |TS9343|AC  0|TAMS 0x00000000cab00000, 0x00000000cab00000|
|  70|0x00000000cac00000, 0x00000000cac00000, 0x00000000cad00000|  0%| F|  |TS9343|AC  0|TAMS 0x00000000cac00000, 0x00000000cac00000|
|  71|0x00000000cad00000, 0x00000000cad00000, 0x00000000cae00000|  0%| F|  |TS9343|AC  0|TAMS 0x00000000cad00000, 0x00000000cad00000|
|  72|0x00000000cae00000, 0x00000000cae00000, 0x00000000caf00000|  0%| F|  |TS9343|AC  0|TAMS 0x00000000cae00000, 0x00000000cae00000|
|  73|0x00000000caf00000, 0x00000000caf00000, 0x00000000cb000000|  0%| F|  |TS9343|AC  0|TAMS 0x00000000caf00000, 0x00000000caf00000|
|  74|0x00000000cb000000, 0x00000000cb000000, 0x00000000cb100000|  0%| F|  |TS9343|AC  0|TAMS 0x00000000cb000000, 0x00000000cb000000|
|  75|0x00000000cb100000, 0x00000000cb100000, 0x00000000cb200000|  0%| F|  |TS9343|AC  0|TAMS 0x00000000cb100000, 0x00000000cb100000|
|  76|0x00000000cb200000, 0x00000000cb200000, 0x00000000cb300000|  0%| F|  |TS9343|AC  0|TAMS 0x00000000cb200000, 0x00000000cb200000|
|  77|0x00000000cb300000, 0x00000000cb300000, 0x00000000cb400000|  0%| F|  |TS9343|AC  0|TAMS 0x00000000cb300000, 0x00000000cb300000|
|  78|0x00000000cb400000, 0x00000000cb400000, 0x00000000cb500000|  0%| F|  |TS9343|AC  0|TAMS 0x00000000cb400000, 0x00000000cb400000|
|  79|0x00000000cb500000, 0x00000000cb500000, 0x00000000cb600000|  0%| F|  |TS9343|AC  0|TAMS 0x00000000cb500000, 0x00000000cb500000|
|  80|0x00000000cb600000, 0x00000000cb600000, 0x00000000cb700000|  0%| F|  |TS9343|AC  0|TAMS 0x00000000cb600000, 0x00000000cb600000|
|  81|0x00000000cb700000, 0x00000000cb700000, 0x00000000cb800000|  0%| F|  |TS9343|AC  0|TAMS 0x00000000cb700000, 0x00000000cb700000|
|  82|0x00000000cb800000, 0x00000000cb800000, 0x00000000cb900000|  0%| F|  |TS9343|AC  0|TAMS 0x00000000cb800000, 0x00000000cb800000|
|  83|0x00000000cb900000, 0x00000000cb900000, 0x00000000cba00000|  0%| F|  |TS9343|AC  0|TAMS 0x00000000cb900000, 0x00000000cb900000|

Card table byte_map: [0x00007fca1395a000,0x00007fca13b27000] byte_map_base: 0x00007fca13327000

Marking Bits (Prev, Next): (CMBitMap*) 0x00007fca2c0645e8, (CMBitMap*) 0x00007fca2c0645b0
 Prev Bits: [0x00007fca11abd000, 0x00007fca12925000)
 Next Bits: [0x00007fca12925000, 0x00007fca1378d000)

Polling page: 0x00007fca34e82000

CodeHeap 'non-profiled nmethods': size=120032Kb used=1698Kb max_used=1805Kb free=118333Kb
 bounds [0x00007fca1b5ef000, 0x00007fca1b85f000, 0x00007fca22b27000]
CodeHeap 'profiled nmethods': size=120032Kb used=5792Kb max_used=6846Kb free=114239Kb
 bounds [0x00007fca140b7000, 0x00007fca14777000, 0x00007fca1b5ef000]
CodeHeap 'non-nmethods': size=5696Kb used=1282Kb max_used=1340Kb free=4413Kb
 bounds [0x00007fca13b27000, 0x00007fca13d97000, 0x00007fca140b7000]
 total_blobs=5012 nmethods=2956 adapters=627
 compilation: enabled

Compilation events (10 events):
Event: 780.373 Thread 0x00007fca2c14c000 3427   !   4       sun.awt.X11.XToolkit::callTimeoutTasks (220 bytes)
Event: 780.390 Thread 0x00007fca2c14c000 nmethod 3427 0x00007fca1b653f10 code [0x00007fca1b6540c0, 0x00007fca1b654208]
Event: 1002.528 Thread 0x00007fca2c14e000 3428       3       sun.awt.X11.XDnDDropTargetProtocol::getMessageType (59 bytes)
Event: 1002.529 Thread 0x00007fca2c14e000 nmethod 3428 0x00007fca140dc490 code [0x00007fca140dc6c0, 0x00007fca140dcda8]
Event: 1002.529 Thread 0x00007fca2c14e000 3429       3       sun.awt.X11.MotifDnDDropTargetProtocol::getMessageType (98 bytes)
Event: 1002.529 Thread 0x00007fca2c14e000 nmethod 3429 0x00007fca140e8b10 code [0x00007fca140e8d60, 0x00007fca140e95d8]
Event: 1181.147 Thread 0x00007fca2c14a000 3430   !   4       sun.awt.X11.XToolkit::getNextTaskTime (55 bytes)
Event: 1181.150 Thread 0x00007fca2c14a000 nmethod 3430 0x00007fca1b674990 code [0x00007fca1b674b80, 0x00007fca1b674f38]
Event: 1340.573 Thread 0x00007fca2c14c000 3431       4       java.util.TreeMap::getEntry (84 bytes)
Event: 1340.575 Thread 0x00007fca2c14c000 nmethod 3431 0x00007fca1b657590 code [0x00007fca1b657740, 0x00007fca1b657898]

GC Heap History (10 events):
Event: 1432.955 GC heap after
{Heap after GC invocations=9341 (full 0):
 garbage-first heap   total 86016K, used 7362K [0x00000000c6600000, 0x0000000100000000)
  region size 1024K, 1 young (1024K), 1 survivors (1024K)
 Metaspace       used 24380K, capacity 24829K, committed 25088K, reserved 1071104K
  class space    used 2526K, capacity 2761K, committed 2816K, reserved 1048576K
}
Event: 1433.118 GC heap before
{Heap before GC invocations=9341 (full 0):
 garbage-first heap   total 86016K, used 57538K [0x00000000c6600000, 0x0000000100000000)
  region size 1024K, 50 young (51200K), 1 survivors (1024K)
 Metaspace       used 24380K, capacity 24829K, committed 25088K, reserved 1071104K
  class space    used 2526K, capacity 2761K, committed 2816K, reserved 1048576K
}
Event: 1433.131 GC heap after
{Heap after GC invocations=9342 (full 0):
 garbage-first heap   total 86016K, used 7370K [0x00000000c6600000, 0x0000000100000000)
  region size 1024K, 1 young (1024K), 1 survivors (1024K)
 Metaspace       used 24380K, capacity 24829K, committed 25088K, reserved 1071104K
  class space    used 2526K, capacity 2761K, committed 2816K, reserved 1048576K
}
Event: 1433.279 GC heap before
{Heap before GC invocations=9342 (full 0):
 garbage-first heap   total 86016K, used 57546K [0x00000000c6600000, 0x0000000100000000)
  region size 1024K, 50 young (51200K), 1 survivors (1024K)
 Metaspace       used 24380K, capacity 24829K, committed 25088K, reserved 1071104K
  class space    used 2526K, capacity 2761K, committed 2816K, reserved 1048576K
}
Event: 1433.281 GC heap after
{Heap after GC invocations=9343 (full 0):
 garbage-first heap   total 86016K, used 7368K [0x00000000c6600000, 0x0000000100000000)
  region size 1024K, 1 young (1024K), 1 survivors (1024K)
 Metaspace       used 24380K, capacity 24829K, committed 25088K, reserved 1071104K
  class space    used 2526K, capacity 2761K, committed 2816K, reserved 1048576K
}
Event: 1433.471 GC heap before
{Heap before GC invocations=9343 (full 0):
 garbage-first heap   total 86016K, used 57544K [0x00000000c6600000, 0x0000000100000000)
  region size 1024K, 50 young (51200K), 1 survivors (1024K)
 Metaspace       used 24380K, capacity 24829K, committed 25088K, reserved 1071104K
  class space    used 2526K, capacity 2761K, committed 2816K, reserved 1048576K
}
Event: 1433.505 GC heap after
{Heap after GC invocations=9344 (full 0):
 garbage-first heap   total 86016K, used 7364K [0x00000000c6600000, 0x0000000100000000)
  region size 1024K, 1 young (1024K), 1 survivors (1024K)
 Metaspace       used 24380K, capacity 24829K, committed 25088K, reserved 1071104K
  class space    used 2526K, capacity 2761K, committed 2816K, reserved 1048576K
}
Event: 1433.901 GC heap before
{Heap before GC invocations=9344 (full 0):
 garbage-first heap   total 86016K, used 57540K [0x00000000c6600000, 0x0000000100000000)
  region size 1024K, 50 young (51200K), 1 survivors (1024K)
 Metaspace       used 24380K, capacity 24829K, committed 25088K, reserved 1071104K
  class space    used 2526K, capacity 2761K, committed 2816K, reserved 1048576K
}
Event: 1434.061 GC heap after
{Heap after GC invocations=9345 (full 0):
 garbage-first heap   total 86016K, used 7368K [0x00000000c6600000, 0x0000000100000000)
  region size 1024K, 1 young (1024K), 1 survivors (1024K)
 Metaspace       used 24380K, capacity 24829K, committed 25088K, reserved 1071104K
  class space    used 2526K, capacity 2761K, committed 2816K, reserved 1048576K
}
Event: 1434.395 GC heap before
{Heap before GC invocations=9345 (full 0):
 garbage-first heap   total 86016K, used 57544K [0x00000000c6600000, 0x0000000100000000)
  region size 1024K, 50 young (51200K), 1 survivors (1024K)
 Metaspace       used 24380K, capacity 24829K, committed 25088K, reserved 1071104K
  class space    used 2526K, capacity 2761K, committed 2816K, reserved 1048576K
}

Deoptimization events (10 events):
Event: 9.364 Thread 0x00007fca2c949800 Uncommon trap: reason=class_check action=maybe_recompile pc=0x00007fca1b658830 method=java.util.HashMap.putVal(ILjava/lang/Object;Ljava/lang/Object;ZZ)Ljava/lang/Object; @ 203 c2
Event: 9.364 Thread 0x00007fca2c949800 Uncommon trap: reason=bimorphic_or_optimized_type_check action=maybe_recompile pc=0x00007fca1b6b1ea0 method=java.util.HashMap.putVal(ILjava/lang/Object;Ljava/lang/Object;ZZ)Ljava/lang/Object; @ 203 c2
Event: 9.364 Thread 0x00007fca2c949800 Uncommon trap: reason=bimorphic_or_optimized_type_check action=maybe_recompile pc=0x00007fca1b6b1ea0 method=java.util.HashMap.putVal(ILjava/lang/Object;Ljava/lang/Object;ZZ)Ljava/lang/Object; @ 203 c2
Event: 9.364 Thread 0x00007fca2c949800 Uncommon trap: reason=bimorphic_or_optimized_type_check action=maybe_recompile pc=0x00007fca1b6b1ea0 method=java.util.HashMap.putVal(ILjava/lang/Object;Ljava/lang/Object;ZZ)Ljava/lang/Object; @ 203 c2
Event: 11.267 Thread 0x00007fca2c949800 Uncommon trap: reason=bimorphic_or_optimized_type_check action=maybe_recompile pc=0x00007fca1b6b1ea0 method=java.util.HashMap.putVal(ILjava/lang/Object;Ljava/lang/Object;ZZ)Ljava/lang/Object; @ 203 c2
Event: 14.575 Thread 0x00007fca2c949800 Uncommon trap: reason=unstable_if action=reinterpret pc=0x00007fca1b710c10 method=java.awt.EventQueue.postEvent(Ljava/awt/AWTEvent;I)V @ 6 c2
Event: 15.294 Thread 0x00007fca2c949800 Uncommon trap: reason=unstable_if action=reinterpret pc=0x00007fca1b723204 method=java.util.concurrent.locks.ReentrantLock$Sync.isHeldExclusively()Z @ 7 c2
Event: 15.295 Thread 0x00007fca2c949800 Uncommon trap: reason=unstable_if action=reinterpret pc=0x00007fca1b71ec40 method=java.awt.EventQueue.eventToCacheIndex(Ljava/awt/AWTEvent;)I @ 71 c2
Event: 15.295 Thread 0x00007fca2c949800 Uncommon trap: reason=unstable_if action=reinterpret pc=0x00007fca1b721ad0 method=java.awt.EventQueue.eventToCacheIndex(Ljava/awt/AWTEvent;)I @ 71 c2
Event: 32.714 Thread 0x00007fca2c011800 Uncommon trap: reason=unstable_if action=reinterpret pc=0x00007fca1b7736a0 method=java.util.concurrent.locks.AbstractQueuedSynchronizer.acquireQueued(Ljava/util/concurrent/locks/AbstractQueuedSynchronizer$Node;I)Z @ 14 c2

Classes redefined (0 events):
No events

Internal exceptions (10 events):
Event: 0.718 Thread 0x00007fca2c011800 Exception <a 'java/io/FileNotFoundException'{0x00000000c9fbc500}> (0x00000000c9fbc500) thrown at [/build/openjdk-lts-tXWsoM/openjdk-lts-10.0.1+10/src/hotspot/share/prims/jni.cpp, line 611]
Event: 0.766 Thread 0x00007fca2c011800 Exception <a 'java/lang/NoSuchMethodError'{0x00000000c9db6dc8}: java.lang.Object.lambda$union$2(Ljava/util/regex/Pattern$CharPredicate;I)Z> (0x00000000c9db6dc8) thrown at [/build/openjdk-lts-tXWsoM/openjdk-lts-10.0.1+10/src/hotspot/share/interpreter/linkR
Event: 0.766 Thread 0x00007fca2c011800 Exception <a 'java/lang/NoSuchMethodError'{0x00000000c9dbad10}: java.lang.Object.lambda$negate$3(I)Z> (0x00000000c9dbad10) thrown at [/build/openjdk-lts-tXWsoM/openjdk-lts-10.0.1+10/src/hotspot/share/interpreter/linkResolver.cpp, line 741]
Event: 0.783 Thread 0x00007fca2c94f000 Exception <a 'java/lang/NoSuchMethodError'{0x00000000c9c08868}: method resolution failed> (0x00000000c9c08868) thrown at [/build/openjdk-lts-tXWsoM/openjdk-lts-10.0.1+10/src/hotspot/share/prims/methodHandles.cpp, line 1226]
Event: 0.784 Thread 0x00007fca2c94f000 Exception <a 'java/lang/NoSuchMethodError'{0x00000000c9c10478}: method resolution failed> (0x00000000c9c10478) thrown at [/build/openjdk-lts-tXWsoM/openjdk-lts-10.0.1+10/src/hotspot/share/prims/methodHandles.cpp, line 1226]
Event: 0.878 Thread 0x00007fca2c949800 Exception <a 'java/lang/NoSuchMethodError'{0x00000000c973ecb0}: java.lang.invoke.DirectMethodHandle$Holder.invokeStaticInit(Ljava/lang/Object;)V> (0x00000000c973ecb0) thrown at [/build/openjdk-lts-tXWsoM/openjdk-lts-10.0.1+10/src/hotspot/share/interpreter
Event: 0.879 Thread 0x00007fca2c949800 Implicit null exception at 0x00007fca1b65117c to 0x00007fca1b65129a
Event: 1.031 Thread 0x00007fca2c94f000 Exception <a 'java/lang/NoSuchMethodError'{0x00000000c96d96e0}: method resolution failed> (0x00000000c96d96e0) thrown at [/build/openjdk-lts-tXWsoM/openjdk-lts-10.0.1+10/src/hotspot/share/prims/methodHandles.cpp, line 1226]
Event: 1.039 Thread 0x00007fca2c94f000 Exception <a 'java/lang/NoSuchMethodError'{0x00000000c9f007f8}: java.lang.invoke.DirectMethodHandle$Holder.invokeStatic(Ljava/lang/Object;Ljava/lang/Object;)I> (0x00000000c9f007f8) thrown at [/build/openjdk-lts-tXWsoM/openjdk-lts-10.0.1+10/src/hotspot/sha
Event: 1.271 Thread 0x00007fca2c949800 Exception <a 'java/lang/UnsupportedOperationException'{0x00000000c9c62568}: > (0x00000000c9c62568) thrown at [/build/openjdk-lts-tXWsoM/openjdk-lts-10.0.1+10/src/hotspot/share/prims/jni.cpp, line 632]

Events (10 events):
Event: 1432.955 Executing VM operation: G1IncCollectionPause done
Event: 1433.112 Executing VM operation: G1IncCollectionPause
Event: 1433.131 Executing VM operation: G1IncCollectionPause done
Event: 1433.279 Executing VM operation: G1IncCollectionPause
Event: 1433.281 Executing VM operation: G1IncCollectionPause done
Event: 1433.446 Executing VM operation: G1IncCollectionPause
Event: 1433.517 Executing VM operation: G1IncCollectionPause done
Event: 1433.861 Executing VM operation: G1IncCollectionPause
Event: 1434.072 Executing VM operation: G1IncCollectionPause done
Event: 1434.387 Executing VM operation: G1IncCollectionPause


Dynamic libraries:
c6600000-cba00000 rw-p 00000000 00:00 0 
d2500000-100000000 ---p 00000000 00:00 0 
100000000-1002c0000 rw-p 00000000 00:00 0 
1002c0000-140000000 ---p 00000000 00:00 0 
562561185000-562561186000 r-xp 00000000 08:03 3149704                    /usr/lib/jvm/java-11-openjdk-amd64/bin/java
562561386000-562561387000 r--p 00001000 08:03 3149704                    /usr/lib/jvm/java-11-openjdk-amd64/bin/java
562561387000-562561388000 rw-p 00002000 08:03 3149704                    /usr/lib/jvm/java-11-openjdk-amd64/bin/java
562561563000-562561584000 rw-p 00000000 00:00 0                          [heap]
7fc968000000-7fc968051000 rw-p 00000000 00:00 0 
7fc968051000-7fc96c000000 ---p 00000000 00:00 0 
7fc96c000000-7fc96c021000 rw-p 00000000 00:00 0 
7fc96c021000-7fc970000000 ---p 00000000 00:00 0 
7fc970000000-7fc970129000 rw-p 00000000 00:00 0 
7fc970129000-7fc974000000 ---p 00000000 00:00 0 
7fc974000000-7fc974021000 rw-p 00000000 00:00 0 
7fc974021000-7fc978000000 ---p 00000000 00:00 0 
7fc978000000-7fc978021000 rw-p 00000000 00:00 0 
7fc978021000-7fc97c000000 ---p 00000000 00:00 0 
7fc97e61e000-7fc97e7de000 rw-p 00000000 00:00 0 
7fc97e7de000-7fc97e81e000 ---p 00000000 00:00 0 
7fc97e81e000-7fc97e91d000 rw-s 00000000 00:05 20217955                   /SYSV00000000 (deleted)
7fc97e91d000-7fc97eb1d000 rw-p 00000000 00:00 0 
7fc97eb1d000-7fc97eb21000 ---p 00000000 00:00 0 
7fc97eb21000-7fc97ee1e000 rw-p 00000000 00:00 0 
7fc97ee1e000-7fc980000000 r--p 00000000 08:03 1447186                    /usr/share/fonts/opentype/noto/NotoSansCJK-Regular.ttc
7fc980000000-7fc980021000 rw-p 00000000 00:00 0 
7fc980021000-7fc984000000 ---p 00000000 00:00 0 
7fc98405b000-7fc98405f000 ---p 00000000 00:00 0 
7fc98405f000-7fc98415c000 rw-p 00000000 00:00 0 
7fc98415c000-7fc984160000 ---p 00000000 00:00 0 
7fc984160000-7fc98445d000 rw-p 00000000 00:00 0 
7fc98445d000-7fc98465d000 rw-p 00000000 00:00 0 
7fc98465d000-7fc984674000 r-xp 00000000 08:03 3805693                    /usr/lib/x86_64-linux-gnu/libnimf.so.1.0.0
7fc984674000-7fc984874000 ---p 00017000 08:03 3805693                    /usr/lib/x86_64-linux-gnu/libnimf.so.1.0.0
7fc984874000-7fc984876000 r--p 00017000 08:03 3805693                    /usr/lib/x86_64-linux-gnu/libnimf.so.1.0.0
7fc984876000-7fc984877000 rw-p 00019000 08:03 3805693                    /usr/lib/x86_64-linux-gnu/libnimf.so.1.0.0
7fc984877000-7fc98487b000 r-xp 00000000 08:03 4587706                    /usr/lib/x86_64-linux-gnu/gtk-3.0/3.0.0/immodules/im-nimf-gtk3.so
7fc98487b000-7fc984a7a000 ---p 00004000 08:03 4587706                    /usr/lib/x86_64-linux-gnu/gtk-3.0/3.0.0/immodules/im-nimf-gtk3.so
7fc984a7a000-7fc984a7b000 r--p 00003000 08:03 4587706                    /usr/lib/x86_64-linux-gnu/gtk-3.0/3.0.0/immodules/im-nimf-gtk3.so
7fc984a7b000-7fc984a7c000 rw-p 00004000 08:03 4587706                    /usr/lib/x86_64-linux-gnu/gtk-3.0/3.0.0/immodules/im-nimf-gtk3.so
7fc984ae5000-7fc984b65000 rw-s 00000000 00:05 20152416                   /SYSV00000000 (deleted)
7fc984b65000-7fc984b69000 ---p 00000000 00:00 0 
7fc984b69000-7fc984c66000 rw-p 00000000 00:00 0 
7fc984c66000-7fc984c6a000 ---p 00000000 00:00 0 
7fc984c6a000-7fc984d67000 rw-p 00000000 00:00 0 
7fc984d67000-7fc984d6c000 r-xp 00000000 08:03 788510                     /lib/x86_64-linux-gnu/libnss_dns-2.27.so
7fc984d6c000-7fc984f6c000 ---p 00005000 08:03 788510                     /lib/x86_64-linux-gnu/libnss_dns-2.27.so
7fc984f6c000-7fc984f6d000 r--p 00005000 08:03 788510                     /lib/x86_64-linux-gnu/libnss_dns-2.27.so
7fc984f6d000-7fc984f6e000 rw-p 00006000 08:03 788510                     /lib/x86_64-linux-gnu/libnss_dns-2.27.so
7fc984f6e000-7fc984f70000 r-xp 00000000 08:03 788323                     /lib/x86_64-linux-gnu/libnss_mdns4_minimal.so.2
7fc984f70000-7fc98516f000 ---p 00002000 08:03 788323                     /lib/x86_64-linux-gnu/libnss_mdns4_minimal.so.2
7fc98516f000-7fc985170000 r--p 00001000 08:03 788323                     /lib/x86_64-linux-gnu/libnss_mdns4_minimal.so.2
7fc985170000-7fc985171000 rw-p 00002000 08:03 788323                     /lib/x86_64-linux-gnu/libnss_mdns4_minimal.so.2
7fc985171000-7fc985371000 rw-p 00000000 00:00 0 
7fc985371000-7fc985372000 r-xp 00000000 08:03 3807083                    /usr/lib/x86_64-linux-gnu/libgthread-2.0.so.0.5600.1
7fc985372000-7fc985571000 ---p 00001000 08:03 3807083                    /usr/lib/x86_64-linux-gnu/libgthread-2.0.so.0.5600.1
7fc985571000-7fc985572000 r--p 00000000 08:03 3807083                    /usr/lib/x86_64-linux-gnu/libgthread-2.0.so.0.5600.1
7fc985572000-7fc985573000 rw-p 00001000 08:03 3807083                    /usr/lib/x86_64-linux-gnu/libgthread-2.0.so.0.5600.1
7fc985573000-7fc985587000 r-xp 00000000 08:03 788522                     /lib/x86_64-linux-gnu/libgpg-error.so.0.22.0
7fc985587000-7fc985786000 ---p 00014000 08:03 788522                     /lib/x86_64-linux-gnu/libgpg-error.so.0.22.0
7fc985786000-7fc985787000 r--p 00013000 08:03 788522                     /lib/x86_64-linux-gnu/libgpg-error.so.0.22.0
7fc985787000-7fc985788000 rw-p 00014000 08:03 788522                     /lib/x86_64-linux-gnu/libgpg-error.so.0.22.0
7fc985788000-7fc98589c000 r-xp 00000000 08:03 788362                     /lib/x86_64-linux-gnu/libgcrypt.so.20.2.1
7fc98589c000-7fc985a9b000 ---p 00114000 08:03 788362                     /lib/x86_64-linux-gnu/libgcrypt.so.20.2.1
7fc985a9b000-7fc985a9d000 r--p 00113000 08:03 788362                     /lib/x86_64-linux-gnu/libgcrypt.so.20.2.1
7fc985a9d000-7fc985aa2000 rw-p 00115000 08:03 788362                     /lib/x86_64-linux-gnu/libgcrypt.so.20.2.1
7fc985aa2000-7fc985aa3000 rw-p 00000000 00:00 0 
7fc985aa3000-7fc985abe000 r-xp 00000000 08:03 3806067                    /usr/lib/x86_64-linux-gnu/liblz4.so.1.7.1
7fc985abe000-7fc985cbd000 ---p 0001b000 08:03 3806067                    /usr/lib/x86_64-linux-gnu/liblz4.so.1.7.1
7fc985cbd000-7fc985cbe000 r--p 0001a000 08:03 3806067                    /usr/lib/x86_64-linux-gnu/liblz4.so.1.7.1
7fc985cbe000-7fc985cbf000 rw-p 0001b000 08:03 3806067                    /usr/lib/x86_64-linux-gnu/liblz4.so.1.7.1
7fc985cbf000-7fc985ce3000 r-xp 00000000 08:03 788409                     /lib/x86_64-linux-gnu/liblzma.so.5.2.2
7fc985ce3000-7fc985ee3000 ---p 00024000 08:03 788409                     /lib/x86_64-linux-gnu/liblzma.so.5.2.2
7fc985ee3000-7fc985ee4000 r--p 00024000 08:03 788409                     /lib/x86_64-linux-gnu/liblzma.so.5.2.2
7fc985ee4000-7fc985ee5000 rw-p 00025000 08:03 788409                     /lib/x86_64-linux-gnu/liblzma.so.5.2.2
7fc985ee5000-7fc985eeb000 r-xp 00000000 08:03 3806700                    /usr/lib/x86_64-linux-gnu/libdatrie.so.1.3.3
7fc985eeb000-7fc9860ea000 ---p 00006000 08:03 3806700                    /usr/lib/x86_64-linux-gnu/libdatrie.so.1.3.3
7fc9860ea000-7fc9860eb000 r--p 00005000 08:03 3806700                    /usr/lib/x86_64-linux-gnu/libdatrie.so.1.3.3
7fc9860eb000-7fc9860ec000 rw-p 00006000 08:03 3806700                    /usr/lib/x86_64-linux-gnu/libdatrie.so.1.3.3
7fc9860ec000-7fc986117000 r-xp 00000000 08:03 3805570                    /usr/lib/x86_64-linux-gnu/libgraphite2.so.3.0.1
7fc986117000-7fc986316000 ---p 0002b000 08:03 3805570                    /usr/lib/x86_64-linux-gnu/libgraphite2.so.3.0.1
7fc986316000-7fc986318000 r--p 0002a000 08:03 3805570                    /usr/lib/x86_64-linux-gnu/libgraphite2.so.3.0.1
7fc986318000-7fc986319000 rw-p 0002c000 08:03 3805570                    /usr/lib/x86_64-linux-gnu/libgraphite2.so.3.0.1
7fc986319000-7fc986399000 r-xp 00000000 08:03 788400                     /lib/x86_64-linux-gnu/libsystemd.so.0.21.0
7fc986399000-7fc986598000 ---p 00080000 08:03 788400                     /lib/x86_64-linux-gnu/libsystemd.so.0.21.0
7fc986598000-7fc98659b000 r--p 0007f000 08:03 788400                     /lib/x86_64-linux-gnu/libsystemd.so.0.21.0
7fc98659b000-7fc98659c000 rw-p 00082000 08:03 788400                     /lib/x86_64-linux-gnu/libsystemd.so.0.21.0
7fc98659c000-7fc98659d000 rw-p 00000000 00:00 0 
7fc98659d000-7fc9865cc000 r-xp 00000000 08:03 788514                     /lib/x86_64-linux-gnu/libexpat.so.1.6.7
7fc9865cc000-7fc9867cc000 ---p 0002f000 08:03 788514                     /lib/x86_64-linux-gnu/libexpat.so.1.6.7
7fc9867cc000-7fc9867ce000 r--p 0002f000 08:03 788514                     /lib/x86_64-linux-gnu/libexpat.so.1.6.7
7fc9867ce000-7fc9867cf000 rw-p 00031000 08:03 788514                     /lib/x86_64-linux-gnu/libexpat.so.1.6.7
7fc9867cf000-7fc9867d7000 r-xp 00000000 08:03 3807269                    /usr/lib/x86_64-linux-gnu/libthai.so.0.3.0
7fc9867d7000-7fc9869d6000 ---p 00008000 08:03 3807269                    /usr/lib/x86_64-linux-gnu/libthai.so.0.3.0
7fc9869d6000-7fc9869d7000 r--p 00007000 08:03 3807269                    /usr/lib/x86_64-linux-gnu/libthai.so.0.3.0
7fc9869d7000-7fc9869d8000 rw-p 00008000 08:03 3807269                    /usr/lib/x86_64-linux-gnu/libthai.so.0.3.0
7fc9869d8000-7fc986a74000 r-xp 00000000 08:03 3807240                    /usr/lib/x86_64-linux-gnu/libharfbuzz.so.0.10702.0
7fc986a74000-7fc986c74000 ---p 0009c000 08:03 3807240                    /usr/lib/x86_64-linux-gnu/libharfbuzz.so.0.10702.0
7fc986c74000-7fc986c75000 r--p 0009c000 08:03 3807240                    /usr/lib/x86_64-linux-gnu/libharfbuzz.so.0.10702.0
7fc986c75000-7fc986c76000 rw-p 0009d000 08:03 3807240                    /usr/lib/x86_64-linux-gnu/libharfbuzz.so.0.10702.0
7fc986c76000-7fc986ca2000 r-xp 00000000 08:03 3805618                    /usr/lib/x86_64-linux-gnu/libatspi.so.0.0.1
7fc986ca2000-7fc986ea2000 ---p 0002c000 08:03 3805618                    /usr/lib/x86_64-linux-gnu/libatspi.so.0.0.1
7fc986ea2000-7fc986ea5000 r--p 0002c000 08:03 3805618                    /usr/lib/x86_64-linux-gnu/libatspi.so.0.0.1
7fc986ea5000-7fc986ea6000 rw-p 0002f000 08:03 3805618                    /usr/lib/x86_64-linux-gnu/libatspi.so.0.0.1
7fc986ea6000-7fc986ef1000 r-xp 00000000 08:03 788427                     /lib/x86_64-linux-gnu/libdbus-1.so.3.19.4
7fc986ef1000-7fc9870f1000 ---p 0004b000 08:03 788427                     /lib/x86_64-linux-gnu/libdbus-1.so.3.19.4
7fc9870f1000-7fc9870f2000 r--p 0004b000 08:03 788427                     /lib/x86_64-linux-gnu/libdbus-1.so.3.19.4
7fc9870f2000-7fc9870f3000 rw-p 0004c000 08:03 788427                     /lib/x86_64-linux-gnu/libdbus-1.so.3.19.4
7fc9870f3000-7fc9870ff000 r-xp 00000000 08:03 3806762                    /usr/lib/x86_64-linux-gnu/libxcb-render.so.0.0.0
7fc9870ff000-7fc9872fe000 ---p 0000c000 08:03 3806762                    /usr/lib/x86_64-linux-gnu/libxcb-render.so.0.0.0
7fc9872fe000-7fc9872ff000 r--p 0000b000 08:03 3806762                    /usr/lib/x86_64-linux-gnu/libxcb-render.so.0.0.0
7fc9872ff000-7fc987300000 rw-p 0000c000 08:03 3806762                    /usr/lib/x86_64-linux-gnu/libxcb-render.so.0.0.0
7fc987300000-7fc987302000 r-xp 00000000 08:03 3806937                    /usr/lib/x86_64-linux-gnu/libxcb-shm.so.0.0.0
7fc987302000-7fc987501000 ---p 00002000 08:03 3806937                    /usr/lib/x86_64-linux-gnu/libxcb-shm.so.0.0.0
7fc987501000-7fc987502000 r--p 00001000 08:03 3806937                    /usr/lib/x86_64-linux-gnu/libxcb-shm.so.0.0.0
7fc987502000-7fc987503000 rw-p 00002000 08:03 3806937                    /usr/lib/x86_64-linux-gnu/libxcb-shm.so.0.0.0
7fc987503000-7fc9875a0000 r-xp 00000000 08:03 3807143                    /usr/lib/x86_64-linux-gnu/libpixman-1.so.0.34.0
7fc9875a0000-7fc98779f000 ---p 0009d000 08:03 3807143                    /usr/lib/x86_64-linux-gnu/libpixman-1.so.0.34.0
7fc98779f000-7fc9877a7000 r--p 0009c000 08:03 3807143                    /usr/lib/x86_64-linux-gnu/libpixman-1.so.0.34.0
7fc9877a7000-7fc9877a8000 rw-p 000a4000 08:03 3807143                    /usr/lib/x86_64-linux-gnu/libpixman-1.so.0.34.0
7fc9877a8000-7fc9877b5000 r-xp 00000000 08:03 3806649                    /usr/lib/x86_64-linux-gnu/libwayland-client.so.0.3.0
7fc9877b5000-7fc9879b4000 ---p 0000d000 08:03 3806649                    /usr/lib/x86_64-linux-gnu/libwayland-client.so.0.3.0
7fc9879b4000-7fc9879b6000 r--p 0000c000 08:03 3806649                    /usr/lib/x86_64-linux-gnu/libwayland-client.so.0.3.0
7fc9879b6000-7fc9879b7000 rw-p 0000e000 08:03 3806649                    /usr/lib/x86_64-linux-gnu/libwayland-client.so.0.3.0
7fc9879b7000-7fc9879b8000 r-xp 00000000 08:03 3806516                    /usr/lib/x86_64-linux-gnu/libwayland-egl.so.1.0.0
7fc9879b8000-7fc987bb7000 ---p 00001000 08:03 3806516                    /usr/lib/x86_64-linux-gnu/libwayland-egl.so.1.0.0
7fc987bb7000-7fc987bb8000 r--p 00000000 08:03 3806516                    /usr/lib/x86_64-linux-gnu/libwayland-egl.so.1.0.0
7fc987bb8000-7fc987bb9000 rw-p 00001000 08:03 3806516                    /usr/lib/x86_64-linux-gnu/libwayland-egl.so.1.0.0
7fc987bb9000-7fc987bbd000 r-xp 00000000 08:03 3805428                    /usr/lib/x86_64-linux-gnu/libwayland-cursor.so.0.0.0
7fc987bbd000-7fc987dbc000 ---p 00004000 08:03 3805428                    /usr/lib/x86_64-linux-gnu/libwayland-cursor.so.0.0.0
7fc987dbc000-7fc987dbd000 r--p 00003000 08:03 3805428                    /usr/lib/x86_64-linux-gnu/libwayland-cursor.so.0.0.0
7fc987dbd000-7fc987dc1000 rw-p 00004000 08:03 3805428                    /usr/lib/x86_64-linux-gnu/libwayland-cursor.so.0.0.0
7fc987dc1000-7fc987dfe000 r-xp 00000000 08:03 3806432                    /usr/lib/x86_64-linux-gnu/libxkbcommon.so.0.0.0
7fc987dfe000-7fc987ffd000 ---p 0003d000 08:03 3806432                    /usr/lib/x86_64-linux-gnu/libxkbcommon.so.0.0.0
7fc987ffd000-7fc987fff000 r--p 0003c000 08:03 3806432                    /usr/lib/x86_64-linux-gnu/libxkbcommon.so.0.0.0
7fc987fff000-7fc988000000 rw-p 0003e000 08:03 3806432                    /usr/lib/x86_64-linux-gnu/libxkbcommon.so.0.0.0
7fc988000000-7fc988021000 rw-p 00000000 00:00 0 
7fc988021000-7fc98c000000 ---p 00000000 00:00 0 
7fc98c000000-7fc98c021000 rw-p 00000000 00:00 0 
7fc98c021000-7fc990000000 ---p 00000000 00:00 0 
7fc990000000-7fc990021000 rw-p 00000000 00:00 0 
7fc990021000-7fc994000000 ---p 00000000 00:00 0 
7fc994011000-7fc99405d000 r--s 00000000 08:03 4325385                    /var/cache/fontconfig/0bd3dc0958fa2205aaaa8ebb13e2872b-le64.cache-7
7fc99405d000-7fc99405f000 r-xp 00000000 08:03 3805595                    /usr/lib/x86_64-linux-gnu/libXdamage.so.1.1.0
7fc99405f000-7fc99425e000 ---p 00002000 08:03 3805595                    /usr/lib/x86_64-linux-gnu/libXdamage.so.1.1.0
7fc99425e000-7fc99425f000 r--p 00001000 08:03 3805595                    /usr/lib/x86_64-linux-gnu/libXdamage.so.1.1.0
7fc99425f000-7fc994260000 rw-p 00002000 08:03 3805595                    /usr/lib/x86_64-linux-gnu/libXdamage.so.1.1.0
7fc994260000-7fc994262000 r-xp 00000000 08:03 3806302                    /usr/lib/x86_64-linux-gnu/libXcomposite.so.1.0.0
7fc994262000-7fc994461000 ---p 00002000 08:03 3806302                    /usr/lib/x86_64-linux-gnu/libXcomposite.so.1.0.0
7fc994461000-7fc994462000 r--p 00001000 08:03 3806302                    /usr/lib/x86_64-linux-gnu/libXcomposite.so.1.0.0
7fc994462000-7fc994463000 rw-p 00002000 08:03 3806302                    /usr/lib/x86_64-linux-gnu/libXcomposite.so.1.0.0
7fc994463000-7fc994465000 r-xp 00000000 08:03 3806404                    /usr/lib/x86_64-linux-gnu/libXinerama.so.1.0.0
7fc994465000-7fc994664000 ---p 00002000 08:03 3806404                    /usr/lib/x86_64-linux-gnu/libXinerama.so.1.0.0
7fc994664000-7fc994665000 r--p 00001000 08:03 3806404                    /usr/lib/x86_64-linux-gnu/libXinerama.so.1.0.0
7fc994665000-7fc994666000 rw-p 00002000 08:03 3806404                    /usr/lib/x86_64-linux-gnu/libXinerama.so.1.0.0
7fc994666000-7fc9946a4000 r-xp 00000000 08:03 3805713                    /usr/lib/x86_64-linux-gnu/libfontconfig.so.1.10.1
7fc9946a4000-7fc9948a4000 ---p 0003e000 08:03 3805713                    /usr/lib/x86_64-linux-gnu/libfontconfig.so.1.10.1
7fc9948a4000-7fc9948a6000 r--p 0003e000 08:03 3805713                    /usr/lib/x86_64-linux-gnu/libfontconfig.so.1.10.1
7fc9948a6000-7fc9948ab000 rw-p 00040000 08:03 3805713                    /usr/lib/x86_64-linux-gnu/libfontconfig.so.1.10.1
7fc9948ab000-7fc9948f5000 r-xp 00000000 08:03 3805306                    /usr/lib/x86_64-linux-gnu/libpango-1.0.so.0.4000.14
7fc9948f5000-7fc994af4000 ---p 0004a000 08:03 3805306                    /usr/lib/x86_64-linux-gnu/libpango-1.0.so.0.4000.14
7fc994af4000-7fc994af7000 r--p 00049000 08:03 3805306                    /usr/lib/x86_64-linux-gnu/libpango-1.0.so.0.4000.14
7fc994af7000-7fc994af8000 rw-p 0004c000 08:03 3805306                    /usr/lib/x86_64-linux-gnu/libpango-1.0.so.0.4000.14
7fc994af8000-7fc994b0c000 r-xp 00000000 08:03 3806702                    /usr/lib/x86_64-linux-gnu/libpangoft2-1.0.so.0.4000.14
7fc994b0c000-7fc994d0c000 ---p 00014000 08:03 3806702                    /usr/lib/x86_64-linux-gnu/libpangoft2-1.0.so.0.4000.14
7fc994d0c000-7fc994d0d000 r--p 00014000 08:03 3806702                    /usr/lib/x86_64-linux-gnu/libpangoft2-1.0.so.0.4000.14
7fc994d0d000-7fc994d0e000 rw-p 00015000 08:03 3806702                    /usr/lib/x86_64-linux-gnu/libpangoft2-1.0.so.0.4000.14
7fc994d0e000-7fc994e01000 r-xp 00000000 08:03 3805355                    /usr/lib/x86_64-linux-gnu/libepoxy.so.0.0.0
7fc994e01000-7fc995001000 ---p 000f3000 08:03 3805355                    /usr/lib/x86_64-linux-gnu/libepoxy.so.0.0.0
7fc995001000-7fc995008000 r--p 000f3000 08:03 3805355                    /usr/lib/x86_64-linux-gnu/libepoxy.so.0.0.0
7fc995008000-7fc99500f000 rw-p 000fa000 08:03 3805355                    /usr/lib/x86_64-linux-gnu/libepoxy.so.0.0.0
7fc99500f000-7fc99503d000 r-xp 00000000 08:03 3806543                    /usr/lib/x86_64-linux-gnu/libatk-bridge-2.0.so.0.0.0
7fc99503d000-7fc99523d000 ---p 0002e000 08:03 3806543                    /usr/lib/x86_64-linux-gnu/libatk-bridge-2.0.so.0.0.0
7fc99523d000-7fc99523e000 r--p 0002e000 08:03 3806543                    /usr/lib/x86_64-linux-gnu/libatk-bridge-2.0.so.0.0.0
7fc99523e000-7fc99523f000 rw-p 0002f000 08:03 3806543                    /usr/lib/x86_64-linux-gnu/libatk-bridge-2.0.so.0.0.0
7fc99523f000-7fc995240000 rw-p 00000000 00:00 0 
7fc995240000-7fc995262000 r-xp 00000000 08:03 3805223                    /usr/lib/x86_64-linux-gnu/libatk-1.0.so.0.22810.1
7fc995262000-7fc995462000 ---p 00022000 08:03 3805223                    /usr/lib/x86_64-linux-gnu/libatk-1.0.so.0.22810.1
7fc995462000-7fc995465000 r--p 00022000 08:03 3805223                    /usr/lib/x86_64-linux-gnu/libatk-1.0.so.0.22810.1
7fc995465000-7fc995466000 rw-p 00025000 08:03 3805223                    /usr/lib/x86_64-linux-gnu/libatk-1.0.so.0.22810.1
7fc995466000-7fc995488000 r-xp 00000000 08:03 3807221                    /usr/lib/x86_64-linux-gnu/libgdk_pixbuf-2.0.so.0.3611.0
7fc995488000-7fc995688000 ---p 00022000 08:03 3807221                    /usr/lib/x86_64-linux-gnu/libgdk_pixbuf-2.0.so.0.3611.0
7fc995688000-7fc995689000 r--p 00022000 08:03 3807221                    /usr/lib/x86_64-linux-gnu/libgdk_pixbuf-2.0.so.0.3611.0
7fc995689000-7fc99568a000 rw-p 00023000 08:03 3807221                    /usr/lib/x86_64-linux-gnu/libgdk_pixbuf-2.0.so.0.3611.0
7fc99568a000-7fc9957a2000 r-xp 00000000 08:03 3806961                    /usr/lib/x86_64-linux-gnu/libcairo.so.2.11510.0
7fc9957a2000-7fc9959a1000 ---p 00118000 08:03 3806961                    /usr/lib/x86_64-linux-gnu/libcairo.so.2.11510.0
7fc9959a1000-7fc9959a4000 r--p 00117000 08:03 3806961                    /usr/lib/x86_64-linux-gnu/libcairo.so.2.11510.0
7fc9959a4000-7fc9959a6000 rw-p 0011a000 08:03 3806961                    /usr/lib/x86_64-linux-gnu/libcairo.so.2.11510.0
7fc9959a6000-7fc9959a7000 rw-p 00000000 00:00 0 
7fc9959a7000-7fc9959ae000 r-xp 00000000 08:03 3806187                    /usr/lib/x86_64-linux-gnu/libcairo-gobject.so.2.11510.0
7fc9959ae000-7fc995bad000 ---p 00007000 08:03 3806187                    /usr/lib/x86_64-linux-gnu/libcairo-gobject.so.2.11510.0
7fc995bad000-7fc995baf000 r--p 00006000 08:03 3806187                    /usr/lib/x86_64-linux-gnu/libcairo-gobject.so.2.11510.0
7fc995baf000-7fc995bb0000 rw-p 00008000 08:03 3806187                    /usr/lib/x86_64-linux-gnu/libcairo-gobject.so.2.11510.0
7fc995bb0000-7fc995bbc000 r-xp 00000000 08:03 3806407                    /usr/lib/x86_64-linux-gnu/libpangocairo-1.0.so.0.4000.14
7fc995bbc000-7fc995dbb000 ---p 0000c000 08:03 3806407                    /usr/lib/x86_64-linux-gnu/libpangocairo-1.0.so.0.4000.14
7fc995dbb000-7fc995dbc000 r--p 0000b000 08:03 3806407                    /usr/lib/x86_64-linux-gnu/libpangocairo-1.0.so.0.4000.14
7fc995dbc000-7fc995dbd000 rw-p 0000c000 08:03 3806407                    /usr/lib/x86_64-linux-gnu/libpangocairo-1.0.so.0.4000.14
7fc995dbd000-7fc995ea8000 r-xp 00000000 08:03 3806654                    /usr/lib/x86_64-linux-gnu/libgdk-3.so.0.2200.30
7fc995ea8000-7fc9960a8000 ---p 000eb000 08:03 3806654                    /usr/lib/x86_64-linux-gnu/libgdk-3.so.0.2200.30
7fc9960a8000-7fc9960af000 r--p 000eb000 08:03 3806654                    /usr/lib/x86_64-linux-gnu/libgdk-3.so.0.2200.30
7fc9960af000-7fc9960b2000 rw-p 000f2000 08:03 3806654                    /usr/lib/x86_64-linux-gnu/libgdk-3.so.0.2200.30
7fc9960b2000-7fc9960b3000 rw-p 00000000 00:00 0 
7fc9960b3000-7fc9967a4000 r-xp 00000000 08:03 3806118                    /usr/lib/x86_64-linux-gnu/libgtk-3.so.0.2200.30
7fc9967a4000-7fc9969a3000 ---p 006f1000 08:03 3806118                    /usr/lib/x86_64-linux-gnu/libgtk-3.so.0.2200.30
7fc9969a3000-7fc9969ae000 r--p 006f0000 08:03 3806118                    /usr/lib/x86_64-linux-gnu/libgtk-3.so.0.2200.30
7fc9969ae000-7fc9969b5000 rw-p 006fb000 08:03 3806118                    /usr/lib/x86_64-linux-gnu/libgtk-3.so.0.2200.30
7fc9969b5000-7fc9969ba000 rw-p 00000000 00:00 0 
7fc9969ba000-7fc9969bf000 r-xp 00000000 08:03 3806214                    /usr/lib/x86_64-linux-gnu/libXfixes.so.3.1.0
7fc9969bf000-7fc996bbe000 ---p 00005000 08:03 3806214                    /usr/lib/x86_64-linux-gnu/libXfixes.so.3.1.0
7fc996bbe000-7fc996bbf000 r--p 00004000 08:03 3806214                    /usr/lib/x86_64-linux-gnu/libXfixes.so.3.1.0
7fc996bbf000-7fc996bc0000 rw-p 00005000 08:03 3806214                    /usr/lib/x86_64-linux-gnu/libXfixes.so.3.1.0
7fc996bc0000-7fc996bc9000 r-xp 00000000 08:03 3806194                    /usr/lib/x86_64-linux-gnu/libXcursor.so.1.0.2
7fc996bc9000-7fc996dc8000 ---p 00009000 08:03 3806194                    /usr/lib/x86_64-linux-gnu/libXcursor.so.1.0.2
7fc996dc8000-7fc996dc9000 r--p 00008000 08:03 3806194                    /usr/lib/x86_64-linux-gnu/libXcursor.so.1.0.2
7fc996dc9000-7fc996dca000 rw-p 00009000 08:03 3806194                    /usr/lib/x86_64-linux-gnu/libXcursor.so.1.0.2
7fc996dca000-7fc996dcb000 ---p 00000000 00:00 0 
7fc996dcb000-7fc9975cb000 rw-p 00000000 00:00 0 
7fc9975cb000-7fc9975fc000 r-xp 00000000 08:03 4461746                    /usr/lib/x86_64-linux-gnu/gio/modules/libgvfsdbus.so
7fc9975fc000-7fc9977fc000 ---p 00031000 08:03 4461746                    /usr/lib/x86_64-linux-gnu/gio/modules/libgvfsdbus.so
7fc9977fc000-7fc9977fe000 r--p 00031000 08:03 4461746                    /usr/lib/x86_64-linux-gnu/gio/modules/libgvfsdbus.so
7fc9977fe000-7fc9977ff000 rw-p 00033000 08:03 4461746                    /usr/lib/x86_64-linux-gnu/gio/modules/libgvfsdbus.so
7fc9977ff000-7fc997800000 ---p 00000000 00:00 0 
7fc997800000-7fc998000000 rw-p 00000000 00:00 0 
7fc998000000-7fc998021000 rw-p 00000000 00:00 0 
7fc998021000-7fc99c000000 ---p 00000000 00:00 0 
7fc99c000000-7fc99c021000 rw-p 00000000 00:00 0 
7fc99c021000-7fc9a0000000 ---p 00000000 00:00 0 
7fc9a0024000-7fc9a002f000 r--s 00000000 08:03 4325454                    /var/cache/fontconfig/945677eb7aeaf62f1d50efc3fb3ec7d8-le64.cache-7
7fc9a002f000-7fc9a0034000 r--s 00000000 08:03 4325397                    /var/cache/fontconfig/2300eef321c393bfd76478a5c0e95b23-le64.cache-7
7fc9a0034000-7fc9a003b000 r--s 00000000 08:03 4325448                    /var/cache/fontconfig/8801497958630a81b71ace7c5f9b32a8-le64.cache-7
7fc9a003b000-7fc9a0040000 r--s 00000000 08:03 4325400                    /var/cache/fontconfig/9d2451b1fd30e5bffe8383fd27c35478-le64.cache-7
7fc9a0040000-7fc9a0046000 r--s 00000000 08:03 4325401                    /var/cache/fontconfig/3047814df9a2f067bd2d96a2b9c36e5a-le64.cache-7
7fc9a0046000-7fc9a004a000 ---p 00000000 00:00 0 
7fc9a004a000-7fc9a0147000 rw-p 00000000 00:00 0 
7fc9a0147000-7fc9a0148000 ---p 00000000 00:00 0 
7fc9a0148000-7fc9a0948000 rw-p 00000000 00:00 0 
7fc9a0948000-7fc9a097e000 r-xp 00000000 08:03 4589852                    /usr/lib/x86_64-linux-gnu/gvfs/libgvfscommon.so
7fc9a097e000-7fc9a0b7e000 ---p 00036000 08:03 4589852                    /usr/lib/x86_64-linux-gnu/gvfs/libgvfscommon.so
7fc9a0b7e000-7fc9a0b84000 r--p 00036000 08:03 4589852                    /usr/lib/x86_64-linux-gnu/gvfs/libgvfscommon.so
7fc9a0b84000-7fc9a0b85000 rw-p 0003c000 08:03 4589852                    /usr/lib/x86_64-linux-gnu/gvfs/libgvfscommon.so
7fc9a0b85000-7fc9a0b9f000 r-xp 00000000 08:03 4461753                    /usr/lib/x86_64-linux-gnu/gio/modules/libgioremote-volume-monitor.so
7fc9a0b9f000-7fc9a0d9e000 ---p 0001a000 08:03 4461753                    /usr/lib/x86_64-linux-gnu/gio/modules/libgioremote-volume-monitor.so
7fc9a0d9e000-7fc9a0da1000 r--p 00019000 08:03 4461753                    /usr/lib/x86_64-linux-gnu/gio/modules/libgioremote-volume-monitor.so
7fc9a0da1000-7fc9a0da2000 rw-p 0001c000 08:03 4461753                    /usr/lib/x86_64-linux-gnu/gio/modules/libgioremote-volume-monitor.so
7fc9a0da2000-7fc9a0dae000 r-xp 00000000 08:03 4461748                    /usr/lib/x86_64-linux-gnu/gio/modules/libdconfsettings.so
7fc9a0dae000-7fc9a0fad000 ---p 0000c000 08:03 4461748                    /usr/lib/x86_64-linux-gnu/gio/modules/libdconfsettings.so
7fc9a0fad000-7fc9a0fae000 r--p 0000b000 08:03 4461748                    /usr/lib/x86_64-linux-gnu/gio/modules/libdconfsettings.so
7fc9a0fae000-7fc9a0faf000 rw-p 0000c000 08:03 4461748                    /usr/lib/x86_64-linux-gnu/gio/modules/libdconfsettings.so
7fc9a0faf000-7fc9a0fb5000 r-xp 00000000 08:03 788513                     /lib/x86_64-linux-gnu/libuuid.so.1.3.0
7fc9a0fb5000-7fc9a11b4000 ---p 00006000 08:03 788513                     /lib/x86_64-linux-gnu/libuuid.so.1.3.0
7fc9a11b4000-7fc9a11b5000 r--p 00005000 08:03 788513                     /lib/x86_64-linux-gnu/libuuid.so.1.3.0
7fc9a11b5000-7fc9a11b6000 rw-p 00006000 08:03 788513                     /lib/x86_64-linux-gnu/libuuid.so.1.3.0
7fc9a11b6000-7fc9a11fd000 r-xp 00000000 08:03 788498                     /lib/x86_64-linux-gnu/libblkid.so.1.1.0
7fc9a11fd000-7fc9a13fd000 ---p 00047000 08:03 788498                     /lib/x86_64-linux-gnu/libblkid.so.1.1.0
7fc9a13fd000-7fc9a1401000 r--p 00047000 08:03 788498                     /lib/x86_64-linux-gnu/libblkid.so.1.1.0
7fc9a1401000-7fc9a1402000 rw-p 0004b000 08:03 788498                     /lib/x86_64-linux-gnu/libblkid.so.1.1.0
7fc9a1402000-7fc9a1403000 rw-p 00000000 00:00 0 
7fc9a1403000-7fc9a1473000 r-xp 00000000 08:03 788285                     /lib/x86_64-linux-gnu/libpcre.so.3.13.3
7fc9a1473000-7fc9a1673000 ---p 00070000 08:03 788285                     /lib/x86_64-linux-gnu/libpcre.so.3.13.3
7fc9a1673000-7fc9a1674000 r--p 00070000 08:03 788285                     /lib/x86_64-linux-gnu/libpcre.so.3.13.3
7fc9a1674000-7fc9a1675000 rw-p 00071000 08:03 788285                     /lib/x86_64-linux-gnu/libpcre.so.3.13.3
7fc9a1675000-7fc9a167c000 r-xp 00000000 08:03 3805090                    /usr/lib/x86_64-linux-gnu/libffi.so.6.0.4
7fc9a167c000-7fc9a187b000 ---p 00007000 08:03 3805090                    /usr/lib/x86_64-linux-gnu/libffi.so.6.0.4
7fc9a187b000-7fc9a187c000 r--p 00006000 08:03 3805090                    /usr/lib/x86_64-linux-gnu/libffi.so.6.0.4
7fc9a187c000-7fc9a187d000 rw-p 00007000 08:03 3805090                    /usr/lib/x86_64-linux-gnu/libffi.so.6.0.4
7fc9a187d000-7fc9a18ce000 r-xp 00000000 08:03 788493                     /lib/x86_64-linux-gnu/libmount.so.1.1.0
7fc9a18ce000-7fc9a1acd000 ---p 00051000 08:03 788493                     /lib/x86_64-linux-gnu/libmount.so.1.1.0
7fc9a1acd000-7fc9a1acf000 r--p 00050000 08:03 788493                     /lib/x86_64-linux-gnu/libmount.so.1.1.0
7fc9a1acf000-7fc9a1ad0000 rw-p 00052000 08:03 788493                     /lib/x86_64-linux-gnu/libmount.so.1.1.0
7fc9a1ad0000-7fc9a1ad1000 rw-p 00000000 00:00 0 
7fc9a1ad1000-7fc9a1ae8000 r-xp 00000000 08:03 788462                     /lib/x86_64-linux-gnu/libresolv-2.27.so
7fc9a1ae8000-7fc9a1ce8000 ---p 00017000 08:03 788462                     /lib/x86_64-linux-gnu/libresolv-2.27.so
7fc9a1ce8000-7fc9a1ce9000 r--p 00017000 08:03 788462                     /lib/x86_64-linux-gnu/libresolv-2.27.so
7fc9a1ce9000-7fc9a1cea000 rw-p 00018000 08:03 788462                     /lib/x86_64-linux-gnu/libresolv-2.27.so
7fc9a1cea000-7fc9a1cec000 rw-p 00000000 00:00 0 
7fc9a1cec000-7fc9a1d11000 r-xp 00000000 08:03 788291                     /lib/x86_64-linux-gnu/libselinux.so.1
7fc9a1d11000-7fc9a1f10000 ---p 00025000 08:03 788291                     /lib/x86_64-linux-gnu/libselinux.so.1
7fc9a1f10000-7fc9a1f11000 r--p 00024000 08:03 788291                     /lib/x86_64-linux-gnu/libselinux.so.1
7fc9a1f11000-7fc9a1f12000 rw-p 00025000 08:03 788291                     /lib/x86_64-linux-gnu/libselinux.so.1
7fc9a1f12000-7fc9a1f14000 rw-p 00000000 00:00 0 
7fc9a1f14000-7fc9a2027000 r-xp 00000000 08:03 3806249                    /usr/lib/x86_64-linux-gnu/libglib-2.0.so.0.5600.1
7fc9a2027000-7fc9a2227000 ---p 00113000 08:03 3806249                    /usr/lib/x86_64-linux-gnu/libglib-2.0.so.0.5600.1
7fc9a2227000-7fc9a2228000 r--p 00113000 08:03 3806249                    /usr/lib/x86_64-linux-gnu/libglib-2.0.so.0.5600.1
7fc9a2228000-7fc9a2229000 rw-p 00114000 08:03 3806249                    /usr/lib/x86_64-linux-gnu/libglib-2.0.so.0.5600.1
7fc9a2229000-7fc9a222a000 rw-p 00000000 00:00 0 
7fc9a222a000-7fc9a222d000 r-xp 00000000 08:03 3806696                    /usr/lib/x86_64-linux-gnu/libgmodule-2.0.so.0.5600.1
7fc9a222d000-7fc9a242c000 ---p 00003000 08:03 3806696                    /usr/lib/x86_64-linux-gnu/libgmodule-2.0.so.0.5600.1
7fc9a242c000-7fc9a242d000 r--p 00002000 08:03 3806696                    /usr/lib/x86_64-linux-gnu/libgmodule-2.0.so.0.5600.1
7fc9a242d000-7fc9a242e000 rw-p 00003000 08:03 3806696                    /usr/lib/x86_64-linux-gnu/libgmodule-2.0.so.0.5600.1
7fc9a242e000-7fc9a2480000 r-xp 00000000 08:03 3806776                    /usr/lib/x86_64-linux-gnu/libgobject-2.0.so.0.5600.1
7fc9a2480000-7fc9a2680000 ---p 00052000 08:03 3806776                    /usr/lib/x86_64-linux-gnu/libgobject-2.0.so.0.5600.1
7fc9a2680000-7fc9a2681000 r--p 00052000 08:03 3806776                    /usr/lib/x86_64-linux-gnu/libgobject-2.0.so.0.5600.1
7fc9a2681000-7fc9a2682000 rw-p 00053000 08:03 3806776                    /usr/lib/x86_64-linux-gnu/libgobject-2.0.so.0.5600.1
7fc9a2682000-7fc9a2816000 r-xp 00000000 08:03 3805357                    /usr/lib/x86_64-linux-gnu/libgio-2.0.so.0.5600.1
7fc9a2816000-7fc9a2a16000 ---p 00194000 08:03 3805357                    /usr/lib/x86_64-linux-gnu/libgio-2.0.so.0.5600.1
7fc9a2a16000-7fc9a2a1d000 r--p 00194000 08:03 3805357                    /usr/lib/x86_64-linux-gnu/libgio-2.0.so.0.5600.1
7fc9a2a1d000-7fc9a2a1e000 rw-p 0019b000 08:03 3805357                    /usr/lib/x86_64-linux-gnu/libgio-2.0.so.0.5600.1
7fc9a2a1e000-7fc9a2a20000 rw-p 00000000 00:00 0 
7fc9a2a20000-7fc9a2a2a000 r-xp 00000000 08:03 3806134                    /usr/lib/x86_64-linux-gnu/libXrandr.so.2.2.0
7fc9a2a2a000-7fc9a2c29000 ---p 0000a000 08:03 3806134                    /usr/lib/x86_64-linux-gnu/libXrandr.so.2.2.0
7fc9a2c29000-7fc9a2c2a000 r--p 00009000 08:03 3806134                    /usr/lib/x86_64-linux-gnu/libXrandr.so.2.2.0
7fc9a2c2a000-7fc9a2c2b000 rw-p 0000a000 08:03 3806134                    /usr/lib/x86_64-linux-gnu/libXrandr.so.2.2.0
7fc9a2c2b000-7fc9a2c5c000 r-xp 00000000 08:03 3804729                    /usr/lib/x86_64-linux-gnu/libpng16.so.16.34.0
7fc9a2c5c000-7fc9a2e5b000 ---p 00031000 08:03 3804729                    /usr/lib/x86_64-linux-gnu/libpng16.so.16.34.0
7fc9a2e5b000-7fc9a2e5c000 r--p 00030000 08:03 3804729                    /usr/lib/x86_64-linux-gnu/libpng16.so.16.34.0
7fc9a2e5c000-7fc9a2e5d000 rw-p 00031000 08:03 3804729                    /usr/lib/x86_64-linux-gnu/libpng16.so.16.34.0
7fc9a2e5d000-7fc9a2f0a000 r-xp 00000000 08:03 3806174                    /usr/lib/x86_64-linux-gnu/libfreetype.so.6.15.0
7fc9a2f0a000-7fc9a3109000 ---p 000ad000 08:03 3806174                    /usr/lib/x86_64-linux-gnu/libfreetype.so.6.15.0
7fc9a3109000-7fc9a3110000 r--p 000ac000 08:03 3806174                    /usr/lib/x86_64-linux-gnu/libfreetype.so.6.15.0
7fc9a3110000-7fc9a3111000 rw-p 000b3000 08:03 3806174                    /usr/lib/x86_64-linux-gnu/libfreetype.so.6.15.0
7fc9a3111000-7fc9a31a6000 r-xp 00000000 08:03 3149389                    /usr/lib/jvm/java-11-openjdk-amd64/lib/libfontmanager.so
7fc9a31a6000-7fc9a33a6000 ---p 00095000 08:03 3149389                    /usr/lib/jvm/java-11-openjdk-amd64/lib/libfontmanager.so
7fc9a33a6000-7fc9a33a7000 r--p 00095000 08:03 3149389                    /usr/lib/jvm/java-11-openjdk-amd64/lib/libfontmanager.so
7fc9a33a7000-7fc9a33a8000 rw-p 00096000 08:03 3149389                    /usr/lib/jvm/java-11-openjdk-amd64/lib/libfontmanager.so
7fc9a33a8000-7fc9a35a9000 rw-p 00000000 00:00 0 
7fc9a35a9000-7fc9a35bc000 r-xp 00000000 08:03 788322                     /lib/x86_64-linux-gnu/libbsd.so.0.8.7
7fc9a35bc000-7fc9a37bb000 ---p 00013000 08:03 788322                     /lib/x86_64-linux-gnu/libbsd.so.0.8.7
7fc9a37bb000-7fc9a37bc000 r--p 00012000 08:03 788322                     /lib/x86_64-linux-gnu/libbsd.so.0.8.7
7fc9a37bc000-7fc9a37bd000 rw-p 00013000 08:03 788322                     /lib/x86_64-linux-gnu/libbsd.so.0.8.7
7fc9a37bd000-7fc9a37be000 rw-p 00000000 00:00 0 
7fc9a37be000-7fc9a37c3000 r-xp 00000000 08:03 3805522                    /usr/lib/x86_64-linux-gnu/libXdmcp.so.6.0.0
7fc9a37c3000-7fc9a39c2000 ---p 00005000 08:03 3805522                    /usr/lib/x86_64-linux-gnu/libXdmcp.so.6.0.0
7fc9a39c2000-7fc9a39c3000 r--p 00004000 08:03 3805522                    /usr/lib/x86_64-linux-gnu/libXdmcp.so.6.0.0
7fc9a39c3000-7fc9a39c4000 rw-p 00005000 08:03 3805522                    /usr/lib/x86_64-linux-gnu/libXdmcp.so.6.0.0
7fc9a39c4000-7fc9a39c6000 r-xp 00000000 08:03 3805362                    /usr/lib/x86_64-linux-gnu/libXau.so.6.0.0
7fc9a39c6000-7fc9a3bc6000 ---p 00002000 08:03 3805362                    /usr/lib/x86_64-linux-gnu/libXau.so.6.0.0
7fc9a3bc6000-7fc9a3bc7000 r--p 00002000 08:03 3805362                    /usr/lib/x86_64-linux-gnu/libXau.so.6.0.0
7fc9a3bc7000-7fc9a3bc8000 rw-p 00003000 08:03 3805362                    /usr/lib/x86_64-linux-gnu/libXau.so.6.0.0
7fc9a3bc8000-7fc9a3bee000 r-xp 00000000 08:03 3806490                    /usr/lib/x86_64-linux-gnu/libxcb.so.1.1.0
7fc9a3bee000-7fc9a3dee000 ---p 00026000 08:03 3806490                    /usr/lib/x86_64-linux-gnu/libxcb.so.1.1.0
7fc9a3dee000-7fc9a3def000 r--p 00026000 08:03 3806490                    /usr/lib/x86_64-linux-gnu/libxcb.so.1.1.0
7fc9a3def000-7fc9a3df0000 rw-p 00027000 08:03 3806490                    /usr/lib/x86_64-linux-gnu/libxcb.so.1.1.0
7fc9a3df0000-7fc9a3dff000 r-xp 00000000 08:03 3806988                    /usr/lib/x86_64-linux-gnu/libXi.so.6.1.0
7fc9a3dff000-7fc9a3ffe000 ---p 0000f000 08:03 3806988                    /usr/lib/x86_64-linux-gnu/libXi.so.6.1.0
7fc9a3ffe000-7fc9a3fff000 r--p 0000e000 08:03 3806988                    /usr/lib/x86_64-linux-gnu/libXi.so.6.1.0
7fc9a3fff000-7fc9a4000000 rw-p 0000f000 08:03 3806988                    /usr/lib/x86_64-linux-gnu/libXi.so.6.1.0
7fc9a4000000-7fc9a4021000 rw-p 00000000 00:00 0 
7fc9a4021000-7fc9a8000000 ---p 00000000 00:00 0 
7fc9a8000000-7fc9a8021000 rw-p 00000000 00:00 0 
7fc9a8021000-7fc9ac000000 ---p 00000000 00:00 0 
7fc9ac000000-7fc9ac42a000 rw-p 00000000 00:00 0 
7fc9ac42a000-7fc9b0000000 ---p 00000000 00:00 0 
7fc9b0000000-7fc9b0021000 rw-p 00000000 00:00 0 
7fc9b0021000-7fc9b4000000 ---p 00000000 00:00 0 
7fc9b4000000-7fc9b5a74000 rw-p 00000000 00:00 0 
7fc9b5a74000-7fc9b8000000 ---p 00000000 00:00 0 
7fc9b8000000-7fc9b9bb7000 rw-p 00000000 00:00 0 
7fc9b9bb7000-7fc9bc000000 ---p 00000000 00:00 0 
7fc9bc000000-7fc9bc021000 rw-p 00000000 00:00 0 
7fc9bc021000-7fc9c0000000 ---p 00000000 00:00 0 
7fc9c0000000-7fc9c0021000 rw-p 00000000 00:00 0 
7fc9c0021000-7fc9c4000000 ---p 00000000 00:00 0 
7fc9c4000000-7fc9c4021000 rw-p 00000000 00:00 0 
7fc9c4021000-7fc9c8000000 ---p 00000000 00:00 0 
7fc9c8000000-7fc9c8021000 rw-p 00000000 00:00 0 
7fc9c8021000-7fc9cc000000 ---p 00000000 00:00 0 
7fc9cc000000-7fc9cc021000 rw-p 00000000 00:00 0 
7fc9cc021000-7fc9d0000000 ---p 00000000 00:00 0 
7fc9d0000000-7fc9d0021000 rw-p 00000000 00:00 0 
7fc9d0021000-7fc9d4000000 ---p 00000000 00:00 0 
7fc9d4000000-7fc9d4021000 rw-p 00000000 00:00 0 
7fc9d4021000-7fc9d8000000 ---p 00000000 00:00 0 
7fc9d8000000-7fc9d8021000 rw-p 00000000 00:00 0 
7fc9d8021000-7fc9dc000000 ---p 00000000 00:00 0 
7fc9dc000000-7fc9dc021000 rw-p 00000000 00:00 0 
7fc9dc021000-7fc9e0000000 ---p 00000000 00:00 0 
7fc9e0000000-7fc9e0021000 rw-p 00000000 00:00 0 
7fc9e0021000-7fc9e4000000 ---p 00000000 00:00 0 
7fc9e4000000-7fc9e4021000 rw-p 00000000 00:00 0 
7fc9e4021000-7fc9e8000000 ---p 00000000 00:00 0 
7fc9e8000000-7fc9e8002000 r--s 00000000 08:03 4325446                    /var/cache/fontconfig/99e8ed0e538f840c565b6ed5dad60d56-le64.cache-7
7fc9e8002000-7fc9e8009000 r--s 00000000 08:03 4325444                    /var/cache/fontconfig/91744b0e2779034e3518f90e014d5397-le64.cache-7
7fc9e8009000-7fc9e801c000 r--s 00000000 08:03 4325440                    /var/cache/fontconfig/d52a8644073d54c13679302ca1180695-le64.cache-7
7fc9e801c000-7fc9e8020000 ---p 00000000 00:00 0 
7fc9e8020000-7fc9e811d000 rw-p 00000000 00:00 0 
7fc9e811d000-7fc9e8122000 r-xp 00000000 08:03 3805499                    /usr/lib/x86_64-linux-gnu/libXtst.so.6.1.0
7fc9e8122000-7fc9e8321000 ---p 00005000 08:03 3805499                    /usr/lib/x86_64-linux-gnu/libXtst.so.6.1.0
7fc9e8321000-7fc9e8322000 r--p 00004000 08:03 3805499                    /usr/lib/x86_64-linux-gnu/libXtst.so.6.1.0
7fc9e8322000-7fc9e8323000 rw-p 00005000 08:03 3805499                    /usr/lib/x86_64-linux-gnu/libXtst.so.6.1.0
7fc9e8323000-7fc9e832c000 r-xp 00000000 08:03 3806741                    /usr/lib/x86_64-linux-gnu/libXrender.so.1.3.0
7fc9e832c000-7fc9e852b000 ---p 00009000 08:03 3806741                    /usr/lib/x86_64-linux-gnu/libXrender.so.1.3.0
7fc9e852b000-7fc9e852c000 r--p 00008000 08:03 3806741                    /usr/lib/x86_64-linux-gnu/libXrender.so.1.3.0
7fc9e852c000-7fc9e852d000 rw-p 00009000 08:03 3806741                    /usr/lib/x86_64-linux-gnu/libXrender.so.1.3.0
7fc9e852d000-7fc9e8660000 r-xp 00000000 08:03 3804975                    /usr/lib/x86_64-linux-gnu/libX11.so.6.3.0
7fc9e8660000-7fc9e8860000 ---p 00133000 08:03 3804975                    /usr/lib/x86_64-linux-gnu/libX11.so.6.3.0
7fc9e8860000-7fc9e8861000 r--p 00133000 08:03 3804975                    /usr/lib/x86_64-linux-gnu/libX11.so.6.3.0
7fc9e8861000-7fc9e8865000 rw-p 00134000 08:03 3804975                    /usr/lib/x86_64-linux-gnu/libX11.so.6.3.0
7fc9e8865000-7fc9e8876000 r-xp 00000000 08:03 3806587                    /usr/lib/x86_64-linux-gnu/libXext.so.6.4.0
7fc9e8876000-7fc9e8a75000 ---p 00011000 08:03 3806587                    /usr/lib/x86_64-linux-gnu/libXext.so.6.4.0
7fc9e8a75000-7fc9e8a76000 r--p 00010000 08:03 3806587                    /usr/lib/x86_64-linux-gnu/libXext.so.6.4.0
7fc9e8a76000-7fc9e8a77000 rw-p 00011000 08:03 3806587                    /usr/lib/x86_64-linux-gnu/libXext.so.6.4.0
7fc9e8a77000-7fc9e8ad6000 r-xp 00000000 08:03 3149380                    /usr/lib/jvm/java-11-openjdk-amd64/lib/libawt_xawt.so
7fc9e8ad6000-7fc9e8cd5000 ---p 0005f000 08:03 3149380                    /usr/lib/jvm/java-11-openjdk-amd64/lib/libawt_xawt.so
7fc9e8cd5000-7fc9e8cd6000 r--p 0005e000 08:03 3149380                    /usr/lib/jvm/java-11-openjdk-amd64/lib/libawt_xawt.so
7fc9e8cd6000-7fc9e8cd9000 rw-p 0005f000 08:03 3149380                    /usr/lib/jvm/java-11-openjdk-amd64/lib/libawt_xawt.so
7fc9e8cd9000-7fc9e8cdb000 rw-p 00000000 00:00 0 
7fc9e8cdb000-7fc9e8d7b000 r-xp 00000000 08:03 3149383                    /usr/lib/jvm/java-11-openjdk-amd64/lib/libawt.so
7fc9e8d7b000-7fc9e8f7b000 ---p 000a0000 08:03 3149383                    /usr/lib/jvm/java-11-openjdk-amd64/lib/libawt.so
7fc9e8f7b000-7fc9e8f7c000 r--p 000a0000 08:03 3149383                    /usr/lib/jvm/java-11-openjdk-amd64/lib/libawt.so
7fc9e8f7c000-7fc9e8f87000 rw-p 000a1000 08:03 3149383                    /usr/lib/jvm/java-11-openjdk-amd64/lib/libawt.so
7fc9e8f87000-7fc9e8fac000 rw-p 00000000 00:00 0 
7fc9e8fac000-7fc9e8fc2000 r-xp 00000000 08:03 3149392                    /usr/lib/jvm/java-11-openjdk-amd64/lib/libnet.so
7fc9e8fc2000-7fc9e91c2000 ---p 00016000 08:03 3149392                    /usr/lib/jvm/java-11-openjdk-amd64/lib/libnet.so
7fc9e91c2000-7fc9e91c3000 r--p 00016000 08:03 3149392                    /usr/lib/jvm/java-11-openjdk-amd64/lib/libnet.so
7fc9e91c3000-7fc9e91c4000 rw-p 00017000 08:03 3149392                    /usr/lib/jvm/java-11-openjdk-amd64/lib/libnet.so
7fc9e91c4000-7fc9e91d5000 r-xp 00000000 08:03 3149401                    /usr/lib/jvm/java-11-openjdk-amd64/lib/libnio.so
7fc9e91d5000-7fc9e93d4000 ---p 00011000 08:03 3149401                    /usr/lib/jvm/java-11-openjdk-amd64/lib/libnio.so
7fc9e93d4000-7fc9e93d5000 r--p 00010000 08:03 3149401                    /usr/lib/jvm/java-11-openjdk-amd64/lib/libnio.so
7fc9e93d5000-7fc9e93d6000 rw-p 00011000 08:03 3149401                    /usr/lib/jvm/java-11-openjdk-amd64/lib/libnio.so
7fc9e93d6000-7fc9e93da000 ---p 00000000 00:00 0 
7fc9e93da000-7fc9e94d7000 rw-p 00000000 00:00 0 
7fc9e94d7000-7fc9e94d8000 ---p 00000000 00:00 0 
7fc9e94d8000-7fc9e95d9000 rw-p 00000000 00:00 0 
7fc9e95d9000-7fc9e95dd000 ---p 00000000 00:00 0 
7fc9e95dd000-7fc9e96da000 rw-p 00000000 00:00 0 
7fc9e96da000-7fc9e96de000 ---p 00000000 00:00 0 
7fc9e96de000-7fc9e97db000 rw-p 00000000 00:00 0 
7fc9e97db000-7fc9e97df000 ---p 00000000 00:00 0 
7fc9e97df000-7fc9e98dc000 rw-p 00000000 00:00 0 
7fc9e98dc000-7fc9e98e0000 ---p 00000000 00:00 0 
7fc9e98e0000-7fc9e99dd000 rw-p 00000000 00:00 0 
7fc9e99dd000-7fc9e99e1000 ---p 00000000 00:00 0 
7fc9e99e1000-7fc9e9ade000 rw-p 00000000 00:00 0 
7fc9e9ade000-7fc9e9ae2000 ---p 00000000 00:00 0 
7fc9e9ae2000-7fc9e9bdf000 rw-p 00000000 00:00 0 
7fc9e9bdf000-7fc9ea000000 r--p 00000000 08:03 3672166                    /usr/lib/locale/locale-archive
7fc9ea000000-7fc9ec000000 rw-p 00000000 00:00 0 
7fc9ec000000-7fc9ec021000 rw-p 00000000 00:00 0 
7fc9ec021000-7fc9f0000000 ---p 00000000 00:00 0 
7fc9f0000000-7fc9f0021000 rw-p 00000000 00:00 0 
7fc9f0021000-7fc9f4000000 ---p 00000000 00:00 0 
7fc9f4000000-7fc9f4021000 rw-p 00000000 00:00 0 
7fc9f4021000-7fc9f8000000 ---p 00000000 00:00 0 
7fc9f8000000-7fc9f8021000 rw-p 00000000 00:00 0 
7fc9f8021000-7fc9fc000000 ---p 00000000 00:00 0 
7fc9fc000000-7fc9fc021000 rw-p 00000000 00:00 0 
7fc9fc021000-7fca00000000 ---p 00000000 00:00 0 
7fca00000000-7fca00021000 rw-p 00000000 00:00 0 
7fca00021000-7fca04000000 ---p 00000000 00:00 0 
7fca04000000-7fca04021000 rw-p 00000000 00:00 0 
7fca04021000-7fca08000000 ---p 00000000 00:00 0 
7fca08000000-7fca08021000 rw-p 00000000 00:00 0 
7fca08021000-7fca0c000000 ---p 00000000 00:00 0 
7fca0c000000-7fca0c021000 rw-p 00000000 00:00 0 
7fca0c021000-7fca10000000 ---p 00000000 00:00 0 
7fca10000000-7fca1000c000 r--s 00000000 08:03 4325439                    /var/cache/fontconfig/d589a48862398ed80a3d6066f4f56f4c-le64.cache-7
7fca1000c000-7fca1001a000 r--s 00000000 08:03 4325390                    /var/cache/fontconfig/9b89f8e3dae116d678bbf48e5f21f69b-le64.cache-7
7fca10032000-7fca10064000 r--p 00000000 08:03 1182899                    /usr/share/locale-langpack/ko/LC_MESSAGES/gtk30-properties.mo
7fca10064000-7fca100a1000 r--p 00000000 08:03 4212245                    /usr/share/glib-2.0/schemas/gschemas.compiled
7fca100a1000-7fca100a5000 ---p 00000000 00:00 0 
7fca100a5000-7fca101a2000 rw-p 00000000 00:00 0 
7fca101a2000-7fca101a6000 ---p 00000000 00:00 0 
7fca101a6000-7fca102a3000 rw-p 00000000 00:00 0 
7fca102a3000-7fca102a4000 ---p 00000000 00:00 0 
7fca102a4000-7fca10ba5000 rw-p 00000000 00:00 0 
7fca10ba5000-7fca10ba6000 ---p 00000000 00:00 0 
7fca10ba6000-7fca10ca7000 rw-p 00000000 00:00 0 
7fca10ca7000-7fca10ca8000 ---p 00000000 00:00 0 
7fca10ca8000-7fca10da9000 rw-p 00000000 00:00 0 
7fca10da9000-7fca10daa000 ---p 00000000 00:00 0 
7fca10daa000-7fca10eab000 rw-p 00000000 00:00 0 
7fca10eab000-7fca10eac000 ---p 00000000 00:00 0 
7fca10eac000-7fca10fad000 rw-p 00000000 00:00 0 
7fca10fad000-7fca10fae000 ---p 00000000 00:00 0 
7fca10fae000-7fca110af000 rw-p 00000000 00:00 0 
7fca110af000-7fca110b0000 ---p 00000000 00:00 0 
7fca110b0000-7fca111b1000 rw-p 00000000 00:00 0 
7fca111b1000-7fca111b2000 ---p 00000000 00:00 0 
7fca111b2000-7fca118b9000 rw-p 00000000 00:00 0 
7fca118b9000-7fca118ba000 ---p 00000000 00:00 0 
7fca118ba000-7fca119bb000 rw-p 00000000 00:00 0 
7fca119bb000-7fca119bc000 ---p 00000000 00:00 0 
7fca119bc000-7fca11c0d000 rw-p 00000000 00:00 0 
7fca11c0d000-7fca12925000 ---p 00000000 00:00 0 
7fca12925000-7fca12a75000 rw-p 00000000 00:00 0 
7fca12a75000-7fca1378d000 ---p 00000000 00:00 0 
7fca1378d000-7fca137b7000 rw-p 00000000 00:00 0 
7fca137b7000-7fca1395a000 ---p 00000000 00:00 0 
7fca1395a000-7fca13984000 rw-p 00000000 00:00 0 
7fca13984000-7fca13b27000 ---p 00000000 00:00 0 
7fca13b27000-7fca13d97000 rwxp 00000000 00:00 0 
7fca13d97000-7fca140b7000 ---p 00000000 00:00 0 
7fca140b7000-7fca14777000 rwxp 00000000 00:00 0 
7fca14777000-7fca1b5ef000 ---p 00000000 00:00 0 
7fca1b5ef000-7fca1b85f000 rwxp 00000000 00:00 0 
7fca1b85f000-7fca22b27000 ---p 00000000 00:00 0 
7fca22b27000-7fca2c000000 r--s 00000000 08:03 3149388                    /usr/lib/jvm/java-11-openjdk-amd64/lib/modules
7fca2c000000-7fca2cf97000 rw-p 00000000 00:00 0 
7fca2cf97000-7fca30000000 ---p 00000000 00:00 0 
7fca30000000-7fca30001000 r--s 00000000 08:03 4325392                    /var/cache/fontconfig/4794a0821666d79190d59a36cb4f44b5-le64.cache-7
7fca30001000-7fca30004000 r--s 00000000 08:03 4325457                    /var/cache/fontconfig/4176514a1834cb3b0f5436810a96fd1b-le64.cache-7
7fca30004000-7fca30009000 r--s 00000000 08:03 4325451                    /var/cache/fontconfig/fc962bd38a23db00a6eaf63d11c5ba86-le64.cache-7
7fca30009000-7fca30012000 r--s 00000000 08:03 4325453                    /var/cache/fontconfig/d0972c3d32f097851eb916381fc38920-le64.cache-7
7fca30012000-7fca30015000 r--s 00000000 08:03 4325398                    /var/cache/fontconfig/e13b20fdb08344e0e664864cc2ede53d-le64.cache-7
7fca30015000-7fca30036000 r--p 00000000 08:03 1183031                    /usr/share/locale-langpack/ko/LC_MESSAGES/glib20.mo
7fca30036000-7fca300ac000 rw-p 00000000 00:00 0 
7fca300ac000-7fca300ad000 ---p 00000000 00:00 0 
7fca300ad000-7fca301d8000 rw-p 00000000 00:00 0 
7fca301d8000-7fca3037b000 ---p 00000000 00:00 0 
7fca3037b000-7fca30981000 rw-p 00000000 00:00 0 
7fca30981000-7fca30982000 ---p 00000000 00:00 0 
7fca30982000-7fca30a83000 rw-p 00000000 00:00 0 
7fca30a83000-7fca30a84000 ---p 00000000 00:00 0 
7fca30a84000-7fca30b85000 rw-p 00000000 00:00 0 
7fca30b85000-7fca30b86000 ---p 00000000 00:00 0 
7fca30b86000-7fca30c87000 rw-p 00000000 00:00 0 
7fca30c87000-7fca30c88000 ---p 00000000 00:00 0 
7fca30c88000-7fca30d89000 rw-p 00000000 00:00 0 
7fca30d89000-7fca30d8a000 ---p 00000000 00:00 0 
7fca30d8a000-7fca30e8b000 rw-p 00000000 00:00 0 
7fca30e8b000-7fca30e8c000 ---p 00000000 00:00 0 
7fca30e8c000-7fca30f92000 rw-p 00000000 00:00 0 
7fca30f92000-7fca31078000 ---p 00000000 00:00 0 
7fca31078000-7fca31086000 rw-p 00000000 00:00 0 
7fca31086000-7fca31163000 ---p 00000000 00:00 0 
7fca31163000-7fca31168000 r-xp 00000000 08:03 3149372                    /usr/lib/jvm/java-11-openjdk-amd64/lib/libjimage.so
7fca31168000-7fca31367000 ---p 00005000 08:03 3149372                    /usr/lib/jvm/java-11-openjdk-amd64/lib/libjimage.so
7fca31367000-7fca31368000 r--p 00004000 08:03 3149372                    /usr/lib/jvm/java-11-openjdk-amd64/lib/libjimage.so
7fca31368000-7fca31369000 rw-p 00005000 08:03 3149372                    /usr/lib/jvm/java-11-openjdk-amd64/lib/libjimage.so
7fca31369000-7fca31370000 r-xp 00000000 08:03 3149375                    /usr/lib/jvm/java-11-openjdk-amd64/lib/libzip.so
7fca31370000-7fca3156f000 ---p 00007000 08:03 3149375                    /usr/lib/jvm/java-11-openjdk-amd64/lib/libzip.so
7fca3156f000-7fca31570000 r--p 00006000 08:03 3149375                    /usr/lib/jvm/java-11-openjdk-amd64/lib/libzip.so
7fca31570000-7fca31571000 rw-p 00007000 08:03 3149375                    /usr/lib/jvm/java-11-openjdk-amd64/lib/libzip.so
7fca31571000-7fca3157c000 r-xp 00000000 08:03 788320                     /lib/x86_64-linux-gnu/libnss_files-2.27.so
7fca3157c000-7fca3177b000 ---p 0000b000 08:03 788320                     /lib/x86_64-linux-gnu/libnss_files-2.27.so
7fca3177b000-7fca3177c000 r--p 0000a000 08:03 788320                     /lib/x86_64-linux-gnu/libnss_files-2.27.so
7fca3177c000-7fca3177d000 rw-p 0000b000 08:03 788320                     /lib/x86_64-linux-gnu/libnss_files-2.27.so
7fca3177d000-7fca31783000 rw-p 00000000 00:00 0 
7fca31783000-7fca3179a000 r-xp 00000000 08:03 788530                     /lib/x86_64-linux-gnu/libnsl-2.27.so
7fca3179a000-7fca31999000 ---p 00017000 08:03 788530                     /lib/x86_64-linux-gnu/libnsl-2.27.so
7fca31999000-7fca3199a000 r--p 00016000 08:03 788530                     /lib/x86_64-linux-gnu/libnsl-2.27.so
7fca3199a000-7fca3199b000 rw-p 00017000 08:03 788530                     /lib/x86_64-linux-gnu/libnsl-2.27.so
7fca3199b000-7fca3199d000 rw-p 00000000 00:00 0 
7fca3199d000-7fca319a8000 r-xp 00000000 08:03 788529                     /lib/x86_64-linux-gnu/libnss_nis-2.27.so
7fca319a8000-7fca31ba7000 ---p 0000b000 08:03 788529                     /lib/x86_64-linux-gnu/libnss_nis-2.27.so
7fca31ba7000-7fca31ba8000 r--p 0000a000 08:03 788529                     /lib/x86_64-linux-gnu/libnss_nis-2.27.so
7fca31ba8000-7fca31ba9000 rw-p 0000b000 08:03 788529                     /lib/x86_64-linux-gnu/libnss_nis-2.27.so
7fca31ba9000-7fca31bb1000 r-xp 00000000 08:03 788441                     /lib/x86_64-linux-gnu/libnss_compat-2.27.so
7fca31bb1000-7fca31db1000 ---p 00008000 08:03 788441                     /lib/x86_64-linux-gnu/libnss_compat-2.27.so
7fca31db1000-7fca31db2000 r--p 00008000 08:03 788441                     /lib/x86_64-linux-gnu/libnss_compat-2.27.so
7fca31db2000-7fca31db3000 rw-p 00009000 08:03 788441                     /lib/x86_64-linux-gnu/libnss_compat-2.27.so
7fca31db3000-7fca31ddf000 r-xp 00000000 08:03 3149387                    /usr/lib/jvm/java-11-openjdk-amd64/lib/libjava.so
7fca31ddf000-7fca31fde000 ---p 0002c000 08:03 3149387                    /usr/lib/jvm/java-11-openjdk-amd64/lib/libjava.so
7fca31fde000-7fca31fdf000 r--p 0002b000 08:03 3149387                    /usr/lib/jvm/java-11-openjdk-amd64/lib/libjava.so
7fca31fdf000-7fca31fe1000 rw-p 0002c000 08:03 3149387                    /usr/lib/jvm/java-11-openjdk-amd64/lib/libjava.so
7fca31fe1000-7fca31fee000 r-xp 00000000 08:03 3149373                    /usr/lib/jvm/java-11-openjdk-amd64/lib/libverify.so
7fca31fee000-7fca321ed000 ---p 0000d000 08:03 3149373                    /usr/lib/jvm/java-11-openjdk-amd64/lib/libverify.so
7fca321ed000-7fca321ef000 r--p 0000c000 08:03 3149373                    /usr/lib/jvm/java-11-openjdk-amd64/lib/libverify.so
7fca321ef000-7fca321f0000 rw-p 0000e000 08:03 3149373                    /usr/lib/jvm/java-11-openjdk-amd64/lib/libverify.so
7fca321f0000-7fca321f7000 r-xp 00000000 08:03 788382                     /lib/x86_64-linux-gnu/librt-2.27.so
7fca321f7000-7fca323f6000 ---p 00007000 08:03 788382                     /lib/x86_64-linux-gnu/librt-2.27.so
7fca323f6000-7fca323f7000 r--p 00006000 08:03 788382                     /lib/x86_64-linux-gnu/librt-2.27.so
7fca323f7000-7fca323f8000 rw-p 00007000 08:03 788382                     /lib/x86_64-linux-gnu/librt-2.27.so
7fca323f8000-7fca3240f000 r-xp 00000000 08:03 788383                     /lib/x86_64-linux-gnu/libgcc_s.so.1
7fca3240f000-7fca3260e000 ---p 00017000 08:03 788383                     /lib/x86_64-linux-gnu/libgcc_s.so.1
7fca3260e000-7fca3260f000 r--p 00016000 08:03 788383                     /lib/x86_64-linux-gnu/libgcc_s.so.1
7fca3260f000-7fca32610000 rw-p 00017000 08:03 788383                     /lib/x86_64-linux-gnu/libgcc_s.so.1
7fca32610000-7fca327ad000 r-xp 00000000 08:03 788480                     /lib/x86_64-linux-gnu/libm-2.27.so
7fca327ad000-7fca329ac000 ---p 0019d000 08:03 788480                     /lib/x86_64-linux-gnu/libm-2.27.so
7fca329ac000-7fca329ad000 r--p 0019c000 08:03 788480                     /lib/x86_64-linux-gnu/libm-2.27.so
7fca329ad000-7fca329ae000 rw-p 0019d000 08:03 788480                     /lib/x86_64-linux-gnu/libm-2.27.so
7fca329ae000-7fca32b2c000 r-xp 00000000 08:03 3806167                    /usr/lib/x86_64-linux-gnu/libstdc++.so.6.0.25
7fca32b2c000-7fca32d2c000 ---p 0017e000 08:03 3806167                    /usr/lib/x86_64-linux-gnu/libstdc++.so.6.0.25
7fca32d2c000-7fca32d36000 r--p 0017e000 08:03 3806167                    /usr/lib/x86_64-linux-gnu/libstdc++.so.6.0.25
7fca32d36000-7fca32d38000 rw-p 00188000 08:03 3806167                    /usr/lib/x86_64-linux-gnu/libstdc++.so.6.0.25
7fca32d38000-7fca32d3c000 rw-p 00000000 00:00 0 
7fca32d3c000-7fca33cd9000 r-xp 00000000 08:03 3149407                    /usr/lib/jvm/java-11-openjdk-amd64/lib/server/libjvm.so
7fca33cd9000-7fca33ed9000 ---p 00f9d000 08:03 3149407                    /usr/lib/jvm/java-11-openjdk-amd64/lib/server/libjvm.so
7fca33ed9000-7fca33f9d000 r--p 00f9d000 08:03 3149407                    /usr/lib/jvm/java-11-openjdk-amd64/lib/server/libjvm.so
7fca33f9d000-7fca33fd5000 rw-p 01061000 08:03 3149407                    /usr/lib/jvm/java-11-openjdk-amd64/lib/server/libjvm.so
7fca33fd5000-7fca3401e000 rw-p 00000000 00:00 0 
7fca3401e000-7fca34038000 r-xp 00000000 08:03 788286                     /lib/x86_64-linux-gnu/libpthread-2.27.so
7fca34038000-7fca34237000 ---p 0001a000 08:03 788286                     /lib/x86_64-linux-gnu/libpthread-2.27.so
7fca34237000-7fca34238000 r--p 00019000 08:03 788286                     /lib/x86_64-linux-gnu/libpthread-2.27.so
7fca34238000-7fca34239000 rw-p 0001a000 08:03 788286                     /lib/x86_64-linux-gnu/libpthread-2.27.so
7fca34239000-7fca3423d000 rw-p 00000000 00:00 0 
7fca3423d000-7fca34240000 r-xp 00000000 08:03 788321                     /lib/x86_64-linux-gnu/libdl-2.27.so
7fca34240000-7fca3443f000 ---p 00003000 08:03 788321                     /lib/x86_64-linux-gnu/libdl-2.27.so
7fca3443f000-7fca34440000 r--p 00002000 08:03 788321                     /lib/x86_64-linux-gnu/libdl-2.27.so
7fca34440000-7fca34441000 rw-p 00003000 08:03 788321                     /lib/x86_64-linux-gnu/libdl-2.27.so
7fca34441000-7fca3445d000 r-xp 00000000 08:03 788437                     /lib/x86_64-linux-gnu/libz.so.1.2.11
7fca3445d000-7fca3465c000 ---p 0001c000 08:03 788437                     /lib/x86_64-linux-gnu/libz.so.1.2.11
7fca3465c000-7fca3465d000 r--p 0001b000 08:03 788437                     /lib/x86_64-linux-gnu/libz.so.1.2.11
7fca3465d000-7fca3465e000 rw-p 0001c000 08:03 788437                     /lib/x86_64-linux-gnu/libz.so.1.2.11
7fca3465e000-7fca34845000 r-xp 00000000 08:03 788473                     /lib/x86_64-linux-gnu/libc-2.27.so
7fca34845000-7fca34a45000 ---p 001e7000 08:03 788473                     /lib/x86_64-linux-gnu/libc-2.27.so
7fca34a45000-7fca34a49000 r--p 001e7000 08:03 788473                     /lib/x86_64-linux-gnu/libc-2.27.so
7fca34a49000-7fca34a4b000 rw-p 001eb000 08:03 788473                     /lib/x86_64-linux-gnu/libc-2.27.so
7fca34a4b000-7fca34a4f000 rw-p 00000000 00:00 0 
7fca34a4f000-7fca34a5e000 r-xp 00000000 08:03 3149398                    /usr/lib/jvm/java-11-openjdk-amd64/lib/jli/libjli.so
7fca34a5e000-7fca34c5d000 ---p 0000f000 08:03 3149398                    /usr/lib/jvm/java-11-openjdk-amd64/lib/jli/libjli.so
7fca34c5d000-7fca34c5e000 r--p 0000e000 08:03 3149398                    /usr/lib/jvm/java-11-openjdk-amd64/lib/jli/libjli.so
7fca34c5e000-7fca34c5f000 rw-p 0000f000 08:03 3149398                    /usr/lib/jvm/java-11-openjdk-amd64/lib/jli/libjli.so
7fca34c5f000-7fca34c86000 r-xp 00000000 08:03 788490                     /lib/x86_64-linux-gnu/ld-2.27.so
7fca34c86000-7fca34c89000 r--p 00000000 08:03 1183078                    /usr/share/locale-langpack/ko/LC_MESSAGES/atk10.mo
7fca34c89000-7fca34ca0000 r--p 00000000 08:03 1183032                    /usr/share/locale-langpack/ko/LC_MESSAGES/gtk30.mo
7fca34ca0000-7fca34ca5000 r--p 00000000 00:34 2062                       /tmp/guest-xr7dt3/.config/dconf/user
7fca34ca5000-7fca34ccc000 r--p 00000000 08:03 1183182                    /usr/share/locale-langpack/ko/LC_MESSAGES/libc.mo
7fca34ccc000-7fca34d61000 rw-p 00000000 00:00 0 
7fca34d61000-7fca34d65000 ---p 00000000 00:00 0 
7fca34d65000-7fca34e64000 rw-p 00000000 00:00 0 
7fca34e64000-7fca34e65000 r--s 00000000 08:03 4325391                    /var/cache/fontconfig/30829fa25452a46451e813d634d7f916-le64.cache-7
7fca34e65000-7fca34e66000 r--s 00000000 00:33 37                         /run/user/854/dconf/user
7fca34e66000-7fca34e6d000 r--s 00000000 08:03 4065784                    /usr/lib/x86_64-linux-gnu/gconv/gconv-modules.cache
7fca34e6d000-7fca34e73000 rw-p 00000000 00:00 0 
7fca34e73000-7fca34e7a000 ---p 00000000 00:00 0 
7fca34e7a000-7fca34e82000 rw-s 00000000 08:03 2097251                    /tmp/hsperfdata_guest-xr7dt3/9938
7fca34e82000-7fca34e83000 ---p 00000000 00:00 0 
7fca34e83000-7fca34e84000 r--p 00000000 00:00 0 
7fca34e84000-7fca34e86000 rw-p 00000000 00:00 0 
7fca34e86000-7fca34e87000 r--p 00027000 08:03 788490                     /lib/x86_64-linux-gnu/ld-2.27.so
7fca34e87000-7fca34e88000 rw-p 00028000 08:03 788490                     /lib/x86_64-linux-gnu/ld-2.27.so
7fca34e88000-7fca34e89000 rw-p 00000000 00:00 0 
7ffd77e71000-7ffd77e92000 rw-p 00000000 00:00 0                          [stack]
7ffd77f8b000-7ffd77f8e000 r--p 00000000 00:00 0                          [vvar]
7ffd77f8e000-7ffd77f90000 r-xp 00000000 00:00 0                          [vdso]
ffffffffff600000-ffffffffff601000 r-xp 00000000 00:00 0                  [vsyscall]


VM Arguments:
java_command: spl.jar 
java_class_path (initial): spl.jar
Launcher Type: SUN_STANDARD

Logging:
Log output configuration:
#0: stdout all=warning uptime,level,tags
#1: stderr all=off uptime,level,tags

Environment Variables:
PATH=/usr/lib/qt5/bin:/usr/bin:/usr/local/sbin:/usr/local/bin:/usr/sbin:/usr/bin:/sbin:/bin:/usr/games:/usr/local/games
LD_LIBRARY_PATH=/usr/lib/x86_64-linux-gnu
SHELL=/bin/bash
DISPLAY=:0

Signal Handlers:
SIGSEGV: [libjvm.so+0xd28a90], sa_mask[0]=11111111011111111101111111111110, sa_flags=SA_RESTART|SA_SIGINFO
SIGBUS: [libjvm.so+0xd28a90], sa_mask[0]=11111111011111111101111111111110, sa_flags=SA_RESTART|SA_SIGINFO
SIGFPE: [libjvm.so+0xd28a90], sa_mask[0]=11111111011111111101111111111110, sa_flags=SA_RESTART|SA_SIGINFO
SIGPIPE: SIG_IGN, sa_mask[0]=00000000000010000000000000000000, sa_flags=SA_RESTART
SIGXFSZ: [libjvm.so+0xb2a110], sa_mask[0]=11111111011111111101111111111110, sa_flags=SA_RESTART|SA_SIGINFO
SIGILL: [libjvm.so+0xd28a90], sa_mask[0]=11111111011111111101111111111110, sa_flags=SA_RESTART|SA_SIGINFO
SIGUSR2: [libjvm.so+0xb29f50], sa_mask[0]=00000000000000000000000000000000, sa_flags=SA_RESTART|SA_SIGINFO
SIGHUP: [libjvm.so+0xb2a0a0], sa_mask[0]=11111111011111111101111111111110, sa_flags=SA_RESTART|SA_SIGINFO
SIGINT: [libjvm.so+0xb2a0a0], sa_mask[0]=11111111011111111101111111111110, sa_flags=SA_RESTART|SA_SIGINFO
SIGTERM: [libjvm.so+0xb2a0a0], sa_mask[0]=11111111011111111101111111111110, sa_flags=SA_RESTART|SA_SIGINFO
SIGQUIT: [libjvm.so+0xb2a0a0], sa_mask[0]=11111111011111111101111111111110, sa_flags=SA_RESTART|SA_SIGINFO


---------------  S Y S T E M  ---------------

OS:DISTRIB_ID=HamoniKR-ME
DISTRIB_RELEASE=1.3
DISTRIB_CODENAME=tara
DISTRIB_DESCRIPTION="HamoniKR-ME"
uname:Linux 4.15.0-20-generic #21-Ubuntu SMP Tue Apr 24 06:16:15 UTC 2018 x86_64
libc:glibc 2.27 NPTL 2.27 
rlimit: STACK 8192k, CORE 0k, NPROC 14354, NOFILE 1048576, AS infinity, DATA infinity, FSIZE infinity
load average:1.87 1.56 1.35

/proc/meminfo:
MemTotal:        3775348 kB
MemFree:          118924 kB
MemAvailable:      49432 kB
Buffers:            1460 kB
Cached:           539672 kB
SwapCached:         1172 kB
Active:          2799596 kB
Inactive:         600856 kB
Active(anon):    2762996 kB
Inactive(anon):   564860 kB
Active(file):      36600 kB
Inactive(file):    35996 kB
Unevictable:          32 kB
Mlocked:              32 kB
SwapTotal:       2097148 kB
SwapFree:             24 kB
Dirty:               100 kB
Writeback:             0 kB
AnonPages:       2859576 kB
Mapped:           134304 kB
Shmem:            468120 kB
Slab:             101188 kB
SReclaimable:      33100 kB
SUnreclaim:        68088 kB
KernelStack:       20768 kB
PageTables:        80936 kB
NFS_Unstable:          0 kB
Bounce:                0 kB
WritebackTmp:          0 kB
CommitLimit:     3984820 kB
Committed_AS:   12330588 kB
VmallocTotal:   34359738367 kB
VmallocUsed:           0 kB
VmallocChunk:          0 kB
HardwareCorrupted:     0 kB
AnonHugePages:         0 kB
ShmemHugePages:        0 kB
ShmemPmdMapped:        0 kB
CmaTotal:              0 kB
CmaFree:               0 kB
HugePages_Total:       0
HugePages_Free:        0
HugePages_Rsvd:        0
HugePages_Surp:        0
Hugepagesize:       2048 kB
DirectMap4k:      209560 kB
DirectMap2M:     3719168 kB
DirectMap1G:           0 kB

container (cgroup) information:
container_type: cgroupv1
cpu_cpuset_cpus: 0-5
cpu_memory_nodes: 0
active_processor_count: 6
cpu_quota: -1
cpu_period: 100000
cpu_shares: -1
memory_limit_in_bytes: -1
memory_and_swap_limit_in_bytes: -2
memory_soft_limit_in_bytes: -1
memory_usage_in_bytes: 3482718208
memory_max_usage_in_bytes: 0


CPU:total 6 (initial active 6) (6 cores per cpu, 1 threads per core) family 6 model 158 stepping 10, cmov, cx8, fxsr, mmx, sse, sse2, sse3, ssse3, sse4.1, sse4.2, popcnt, avx, avx2, aes, clmul, erms, rtm, 3dnowpref, lzcnt, tsc, tscinvbit, bmi1, bmi2, adx, fma
CPU Model and flags from /proc/cpuinfo:
model name	: Intel(R) Core(TM) i5-8500 CPU @ 3.00GHz
flags		: fpu vme de pse tsc msr pae mce cx8 apic sep mtrr pge mca cmov pat pse36 clflush dts acpi mmx fxsr sse sse2 ss ht tm pbe syscall nx pdpe1gb rdtscp lm constant_tsc art arch_perfmon pebs bts rep_good nopl xtopology nonstop_tsc cpuid aperfmperf tsc_known_freq pni pclmulqdq dtes64 monitor ds_cpl vmx smx est tm2 ssse3 sdbg fma cx16 xtpr pdcm pcid sse4_1 sse4_2 x2apic movbe popcnt tsc_deadline_timer aes xsave avx f16c rdrand lahf_lm abm 3dnowprefetch cpuid_fault invpcid_single pti tpr_shadow vnmi flexpriority ept vpid fsgsbase tsc_adjust bmi1 hle avx2 smep bmi2 erms invpcid rtm mpx rdseed adx smap clflushopt intel_pt xsaveopt xsavec xgetbv1 xsaves ibpb ibrs stibp dtherm ida arat pln pts hwp hwp_notify hwp_act_window hwp_epp

Memory: 4k page, physical 3775348k(118800k free), swap 2097148k(24k free)

vm_info: OpenJDK 64-Bit Server VM (10.0.1+10-Ubuntu-3ubuntu1) for linux-amd64 JRE (10.0.1+10-Ubuntu-3ubuntu1), built on Apr 21 2018 13:41:27 by "buildd" with gcc 7.3.0

END.
